#
# A fatal error has been detected by the Java Runtime Environment:
#
#  EXCEPTION_ACCESS_VIOLATION (0xc0000005) at pc=0x00007ff83a350eca, pid=9656, tid=9928
#
# JRE version: Java(TM) SE Runtime Environment (18.0.2.1+1) (build 18.0.2.1+1-1)
# Java VM: Java HotSpot(TM) 64-Bit Server VM (18.0.2.1+1-1, mixed mode, sharing, tiered, compressed oops, compressed class ptrs, g1 gc, windows-amd64)
# Problematic frame:
# V  [jvm.dll+0x760eca]
#
# No core dump will be written. Minidumps are not enabled by default on client versions of Windows
#
# If you would like to submit a bug report, please visit:
#   https://bugreport.java.com/bugreport/crash.jsp
#

---------------  S U M M A R Y ------------

Command Line: -XX:+ShowCodeDetailsInExceptionMessages -agentlib:jdwp=transport=dt_socket,suspend=y,address=localhost:57283 -javaagent:C:\Users\RJ\.eclipse\org.eclipse.platform_4.24.0_867647348_win32_win32_x86_64\configuration\org.eclipse.osgi\407\0\.cp\lib\javaagent-shaded.jar -Dfile.encoding=UTF-8 org.datacrow.server.DcServer -dir:U:\Projects\Data Crow\Modules\datacrow-build\staging\dc-server\ -userdir:U:\Projects\Data Crow\Test\ -credentials:rwaals/nvn126611 -port:9000 -imageserverport:9001 -ip:127.0.01 -debug

Host: Intel(R) Core(TM) i7-8750H CPU @ 2.20GHz, 12 cores, 15G,  Windows 11 , 64 bit Build 22000 (10.0.22000.708)
Time: Mon Sep 19 15:20:38 2022 West-Europa (zomertijd) elapsed time: 75.177202 seconds (0d 0h 1m 15s)

---------------  T H R E A D  ---------------

Current thread (0x0000028373d0ca10):  JavaThread "JDWP Transport Listener: dt_socket" daemon [_thread_in_vm, id=9928, stack(0x00000089b1400000,0x00000089b1500000)]

Stack: [0x00000089b1400000,0x00000089b1500000],  sp=0x00000089b14ff860,  free space=1022k
Native frames: (J=compiled Java code, j=interpreted, Vv=VM code, C=native code)
V  [jvm.dll+0x760eca]
V  [jvm.dll+0x52c54c]
V  [jvm.dll+0x4f3d5b]
C  [jdwp.dll+0x230a7]


siginfo: EXCEPTION_ACCESS_VIOLATION (0xc0000005), reading address 0x0000000000b40054


Register to memory mapping:

RIP=0x00007ff83a350eca jvm.dll
RAX=0x00000000000000b5 is an unknown value
RBX=0x000002836f9ba76d points into unknown readable memory: 00 72 3b
RCX=0x0000000000b40050 is an unknown value
RDX=0x0000028374516500 points into unknown readable memory: 0x7461642f67726f4c | 4c 6f 72 67 2f 64 61 74
RSP=0x00000089b14ff860 is pointing into the stack for thread: 0x0000028373d0ca10
RBP=0x0000028373dae830 points into unknown readable memory: 0x0000000000000002 | 02 00 00 00 00 00 00 00
RSI=0x0 is NULL
RDI=0xffffffffffffffff is an unknown value
R8 =0x00000000000002dc is an unknown value
R9 =0x0000000000000040 is an unknown value
R10=0x00000000000002c0 is an unknown value
R11=0x00000089b14ff880 is pointing into the stack for thread: 0x0000028373d0ca10
R12=0x00000089b14ff9b8 is pointing into the stack for thread: 0x0000028373d0ca10
R13=0x0 is NULL
R14=0x0000000800f43558 is a pointer to class: 
org.datacrow.core.server.serialization.serializers.SettingsAdapter {0x0000000800f43560}
 - instance size:     2
 - klass size:        73
 - access:            public synchronized 
 - state:             fully_initialized
 - name:              'org/datacrow/core/server/serialization/serializers/SettingsAdapter'
 - super:             'java/lang/Object'
 - sub:               
 - arrays:            NULL
 - methods:           Array<T>(0x00000283718768a8)
 - method ordering:   Array<T>(0x0000028371876e68)
 - default_methods:   Array<T>(0x0000000000000000)
 - local interfaces:  Array<T>(0x0000028371776f40)
 - trans. interfaces: Array<T>(0x0000028371776f40)
 - constants:         constant pool [183] {0x000002837188f008} for 'org/datacrow/core/server/serialization/serializers/SettingsAdapter' cache=0x0000028371877c60
 - class loader data:  loader data: 0x0000028373c49710 for instance a 'jdk/internal/loader/ClassLoaders$AppClassLoader'{0x00000007027f1600}
 - source file:       'SettingsAdapter.java'
 - source debug extension:       SMAP
SettingsAdapter.java
Java
*S jdt
*F
1 SettingsAdapter.java
2 file:/U:/Projects/Data%20Crow/Modules/datacrow-core/target/classes/
*L
*E

 - class annotations:       Array<T>(0x0000000000000000)
 - class type annotations:  Array<T>(0x0000000000000000)
 - field annotations:       Array<T>(0x0000000000000000)
 - field type annotations:  Array<T>(0x0000000000000000)
 - previous version:  constant pool [180] {0x00000283717768c8} for 'org/datacrow/core/server/serialization/serializers/SettingsAdapter' (extra) cache=0x00000283717798d0
 - generic signature: '
[error occurred during error reporting (printing register info), id 0xc0000005, EXCEPTION_ACCESS_VIOLATION (0xc0000005) at pc=0x00007ff83a351ad6]

Registers:
RAX=0x00000000000000b5, RBX=0x000002836f9ba76d, RCX=0x0000000000b40050, RDX=0x0000028374516500
RSP=0x00000089b14ff860, RBP=0x0000028373dae830, RSI=0x0000000000000000, RDI=0xffffffffffffffff
R8 =0x00000000000002dc, R9 =0x0000000000000040, R10=0x00000000000002c0, R11=0x00000089b14ff880
R12=0x00000089b14ff9b8, R13=0x0000000000000000, R14=0x0000000800f43558, R15=0x00000089b14ffa08
RIP=0x00007ff83a350eca, EFLAGS=0x0000000000010206

Top of Stack: (sp=0x00000089b14ff860)
0x00000089b14ff860:   0000000000000042 0000000800f43558
0x00000089b14ff870:   0000028373d0ca10 0000000000000000
0x00000089b14ff880:   ffffffffffffffff 00007ff83a11c54c
0x00000089b14ff890:   000002836f9ba76d 0000028373dae830
0x00000089b14ff8a0:   0000000000000000 0000028373d0cca0
0x00000089b14ff8b0:   000002836f9ba6d0 00000000000003d8
0x00000089b14ff8c0:   000002836f9ba6e0 000002836f9baab8
0x00000089b14ff8d0:   0000000000000002 00000089b14ff9b8
0x00000089b14ff8e0:   0000000000000000 0000000000000000
0x00000089b14ff8f0:   00000007076a5048 00007ff83a0e3d5b
0x00000089b14ff900:   0000028373d0ca10 00000089b14ffa08
0x00000089b14ff910:   000002834c82a850 00000089b14ffa08
0x00000089b14ff920:   0000028373d0ca10 0000000000000000
0x00000089b14ff930:   0000028300000000 0000000000000000
0x00000089b14ff940:   000000000000000d 00007ff89b0d30a7
0x00000089b14ff950:   00000089b14ffa00 00007ff89b0e1718 

Instructions: (pc=0x00007ff83a350eca)
0x00007ff83a350dca:   48 8b f8 48 85 db 74 08 48 8b cb e8 16 ad f0 ff
0x00007ff83a350dda:   48 8b 5c 24 30 48 8b c7 48 83 c4 20 5f c3 8d 42
0x00007ff83a350dea:   06 83 ff 02 b9 08 00 00 00 0f 4e c1 45 33 c0 48
0x00007ff83a350dfa:   63 c8 48 83 c1 07 83 e1 f8 48 63 c9 41 8d 50 0b
0x00007ff83a350e0a:   48 83 c4 20 5f e9 1c 23 95 ff cc cc cc cc cc cc
0x00007ff83a350e1a:   cc cc cc cc cc cc 83 fa 02 8d 42 06 b9 08 00 00
0x00007ff83a350e2a:   00 4d 8b c8 0f 4e c1 48 63 c8 49 8b 40 18 48 83
0x00007ff83a350e3a:   c1 07 83 e1 f8 48 63 d1 49 8b 48 20 48 2b c8 48
0x00007ff83a350e4a:   3b ca 72 09 48 8d 0c 10 49 89 48 18 c3 45 33 c0
0x00007ff83a350e5a:   49 8b c9 e9 fe 80 95 ff cc cc cc cc cc cc cc cc
0x00007ff83a350e6a:   cc cc cc cc cc cc 4c 8b d2 4c 8b d9 45 85 c0 7e
0x00007ff83a350e7a:   3c 44 0f b7 49 04 41 8d 40 ff 41 3b c1 44 0f 4c
0x00007ff83a350e8a:   c8 4d 63 c1 45 85 c9 7e 1f 48 8b c2 4c 2b da 49
0x00007ff83a350e9a:   8b d0 0f 1f 40 00 41 0f b6 4c 03 06 88 08 48 8d
0x00007ff83a350eaa:   40 01 48 83 ea 01 75 ee 43 c6 04 10 00 49 8b c2
0x00007ff83a350eba:   c3 cc cc cc cc cc 48 89 5c 24 08 57 48 83 ec 20
0x00007ff83a350eca:   0f b7 59 04 48 8b f9 33 d2 48 8d 4b 01 e8 14 d4
0x00007ff83a350eda:   f8 ff 0f b7 57 04 4c 8b c0 3b da 0f 42 d3 44 8b
0x00007ff83a350eea:   ca 85 d2 74 39 48 2b f8 0f 1f 40 00 66 66 0f 1f
0x00007ff83a350efa:   84 00 00 00 00 00 0f b6 4c 07 06 88 08 48 ff c0
0x00007ff83a350f0a:   48 8b c8 49 2b c8 49 3b c9 7c eb 42 c6 04 02 00
0x00007ff83a350f1a:   49 8b c0 48 8b 5c 24 30 48 83 c4 20 5f c3 48 8b
0x00007ff83a350f2a:   5c 24 30 c6 04 02 00 48 83 c4 20 5f c3 cc cc cc
0x00007ff83a350f3a:   cc cc cc cc cc cc 4c 8b d1 45 85 c0 7e 6c 44 0f
0x00007ff83a350f4a:   b7 49 04 41 8d 40 ff 41 3b c1 44 0f 4c c8 4d 63
0x00007ff83a350f5a:   d9 45 85 c9 7e 22 48 8b ca 4c 2b d2 4d 8b c3 0f
0x00007ff83a350f6a:   1f 80 00 00 00 00 41 0f b6 44 0a 06 88 01 48 8d
0x00007ff83a350f7a:   49 01 49 83 e8 01 75 ee 41 c6 04 13 00 48 c7 c0
0x00007ff83a350f8a:   ff ff ff ff 66 90 48 ff c0 80 3c 02 00 75 f7 48
0x00007ff83a350f9a:   63 c8 85 c0 48 8b c2 7e 14 80 38 2f 75 03 c6 00
0x00007ff83a350faa:   2e 48 ff c0 48 83 e9 01 75 ef 48 8b c2 c3 cc cc
0x00007ff83a350fba:   cc cc cc cc cc cc 48 83 ec 28 e8 f7 fe ff ff 4c 


Stack slot to memory mapping:
stack at sp + 0 slots: 0x0000000000000042 is an unknown value
stack at sp + 1 slots: 0x0000000800f43558 is a pointer to class: 
org.datacrow.core.server.serialization.serializers.SettingsAdapter {0x0000000800f43560}
 - instance size:     2
 - klass size:        73
 - access:            public synchronized 
 - state:             fully_initialized
 - name:              'org/datacrow/core/server/serialization/serializers/SettingsAdapter'
 - super:             'java/lang/Object'
 - sub:               
 - arrays:            NULL
 - methods:           Array<T>(0x00000283718768a8)
 - method ordering:   Array<T>(0x0000028371876e68)
 - default_methods:   Array<T>(0x0000000000000000)
 - local interfaces:  Array<T>(0x0000028371776f40)
 - trans. interfaces: Array<T>(0x0000028371776f40)
 - constants:         constant pool [183] {0x000002837188f008} for 'org/datacrow/core/server/serialization/serializers/SettingsAdapter' cache=0x0000028371877c60
 - class loader data:  loader data: 0x0000028373c49710 for instance a 'jdk/internal/loader/ClassLoaders$AppClassLoader'{0x00000007027f1600}
 - source file:       'SettingsAdapter.java'
 - source debug extension:       SMAP
SettingsAdapter.java
Java
*S jdt
*F
1 SettingsAdapter.java
2 file:/U:/Projects/Data%20Crow/Modules/datacrow-core/target/classes/
*L
*E

 - class annotations:       Array<T>(0x0000000000000000)
 - class type annotations:  Array<T>(0x0000000000000000)
 - field annotations:       Array<T>(0x0000000000000000)
 - field type annotations:  Array<T>(0x0000000000000000)
 - previous version:  constant pool [180] {0x00000283717768c8} for 'org/datacrow/core/server/serialization/serializers/SettingsAdapter' (extra) cache=0x00000283717798d0
 - generic signature: '
[error occurred during error reporting (inspecting top of stack), id 0xc0000005, EXCEPTION_ACCESS_VIOLATION (0xc0000005) at pc=0x00007ff83a351ad6]


---------------  P R O C E S S  ---------------

Threads class SMR info:
_java_thread_list=0x000002837541de50, length=37, elements={
0x000002834c83d5a0, 0x000002836f97a180, 0x000002836f97aa30, 0x000002836f999d00,
0x000002836f99a5b0, 0x000002836f99ae60, 0x000002836f99fc20, 0x000002836f9a0800,
0x000002836f9a9100, 0x000002836f9ba1b0, 0x0000028373c96820, 0x0000028373d0ca10,
0x0000028373d42660, 0x0000028373d4ccc0, 0x00000283743f8340, 0x000002837519f600,
0x0000028374d14f60, 0x0000028374e70360, 0x0000028374ed05c0, 0x00000283788dda50,
0x00000283788e35c0, 0x00000283788de8c0, 0x00000283788de3f0, 0x00000283788e2750,
0x00000283788ddf20, 0x00000283788e3a90, 0x00000283788ded90, 0x00000283788e3f60,
0x00000283788df260, 0x00000283788df730, 0x00000283788dfc00, 0x00000283788e30f0,
0x00000283788e00d0, 0x00000283788e4900, 0x00000283788e0a70, 0x00000283788e2280,
0x00000283788e2c20
}

Java Threads: ( => current thread )
  0x000002834c83d5a0 JavaThread "main" [_thread_blocked, id=6924, stack(0x00000089b0300000,0x00000089b0400000)]
  0x000002836f97a180 JavaThread "Reference Handler" daemon [_thread_blocked, id=11992, stack(0x00000089b0a00000,0x00000089b0b00000)]
  0x000002836f97aa30 JavaThread "Finalizer" daemon [_thread_blocked, id=5400, stack(0x00000089b0b00000,0x00000089b0c00000)]
  0x000002836f999d00 JavaThread "Signal Dispatcher" daemon [_thread_blocked, id=9332, stack(0x00000089b0c00000,0x00000089b0d00000)]
  0x000002836f99a5b0 JavaThread "Attach Listener" daemon [_thread_blocked, id=3216, stack(0x00000089b0d00000,0x00000089b0e00000)]
  0x000002836f99ae60 JavaThread "Service Thread" daemon [_thread_blocked, id=8096, stack(0x00000089b0e00000,0x00000089b0f00000)]
  0x000002836f99fc20 JavaThread "Monitor Deflation Thread" daemon [_thread_blocked, id=13300, stack(0x00000089b0f00000,0x00000089b1000000)]
  0x000002836f9a0800 JavaThread "C2 CompilerThread0" daemon [_thread_blocked, id=12376, stack(0x00000089b1000000,0x00000089b1100000)]
  0x000002836f9a9100 JavaThread "C1 CompilerThread0" daemon [_thread_blocked, id=13824, stack(0x00000089b1100000,0x00000089b1200000)]
  0x000002836f9ba1b0 JavaThread "Sweeper thread" daemon [_thread_blocked, id=8676, stack(0x00000089b1200000,0x00000089b1300000)]
  0x0000028373c96820 JavaThread "Common-Cleaner" daemon [_thread_blocked, id=9716, stack(0x00000089b1300000,0x00000089b1400000)]
=>0x0000028373d0ca10 JavaThread "JDWP Transport Listener: dt_socket" daemon [_thread_in_vm, id=9928, stack(0x00000089b1400000,0x00000089b1500000)]
  0x0000028373d42660 JavaThread "JDWP Event Helper Thread" daemon [_thread_blocked, id=1676, stack(0x00000089b1500000,0x00000089b1600000)]
  0x0000028373d4ccc0 JavaThread "JDWP Command Reader" daemon [_thread_in_native, id=15324, stack(0x00000089b1600000,0x00000089b1700000)]
  0x00000283743f8340 JavaThread "Notification Thread" daemon [_thread_blocked, id=588, stack(0x00000089b1800000,0x00000089b1900000)]
  0x000002837519f600 JavaThread "Java2D Disposer" daemon [_thread_blocked, id=5480, stack(0x00000089b2300000,0x00000089b2400000)]
  0x0000028374d14f60 JavaThread "AWT-Windows" daemon [_thread_in_native, id=580, stack(0x00000089b2500000,0x00000089b2600000)]
  0x0000028374e70360 JavaThread "Swing-Shell" daemon [_thread_blocked, id=13108, stack(0x00000089b2800000,0x00000089b2900000)]
  0x0000028374ed05c0 JavaThread "Log4j2-TF-2-Scheduled-1" daemon [_thread_blocked, id=9704, stack(0x00000089b2e00000,0x00000089b2f00000)]
  0x00000283788dda50 JavaThread "HSQLDB Timer @1929425f" daemon [_thread_blocked, id=10176, stack(0x00000089b2700000,0x00000089b2800000)]
  0x00000283788e35c0 JavaThread "queryQueue" daemon [_thread_blocked, id=1956, stack(0x00000089b2d00000,0x00000089b2e00000)]
  0x00000283788de8c0 JavaThread "Thread-4" [_thread_in_native, id=6716, stack(0x00000089b3200000,0x00000089b3300000)]
  0x00000283788de3f0 JavaThread "qtp1096343229-37" [_thread_in_native, id=15584, stack(0x00000089b3300000,0x00000089b3400000)]
  0x00000283788e2750 JavaThread "qtp1096343229-38" [_thread_in_native, id=9612, stack(0x00000089b3400000,0x00000089b3500000)]
  0x00000283788ddf20 JavaThread "qtp1096343229-39-acceptor-0@3046c240-ServerConnector@cb0f763{HTTP/1.1, (http/1.1)}{0.0.0.0:9001}" [_thread_in_native, id=15508, stack(0x00000089b3500000,0x00000089b3600000)]
  0x00000283788e3a90 JavaThread "qtp1096343229-40" [_thread_in_native, id=8520, stack(0x00000089b3600000,0x00000089b3700000)]
  0x00000283788ded90 JavaThread "qtp1096343229-41" [_thread_in_native, id=1728, stack(0x00000089b3700000,0x00000089b3800000)]
  0x00000283788e3f60 JavaThread "qtp1096343229-42" [_thread_in_native, id=2012, stack(0x00000089b3800000,0x00000089b3900000)]
  0x00000283788df260 JavaThread "qtp1096343229-43" [_thread_in_native, id=9340, stack(0x00000089b3900000,0x00000089b3a00000)]
  0x00000283788df730 JavaThread "qtp1096343229-44" [_thread_in_native, id=4820, stack(0x00000089b3a00000,0x00000089b3b00000)]
  0x00000283788dfc00 JavaThread "qtp1096343229-45" [_thread_in_native, id=16248, stack(0x00000089b3b00000,0x00000089b3c00000)]
  0x00000283788e30f0 JavaThread "qtp1096343229-46" [_thread_in_native, id=16308, stack(0x00000089b3c00000,0x00000089b3d00000)]
  0x00000283788e00d0 JavaThread "qtp1096343229-47" [_thread_in_native, id=7620, stack(0x00000089b3d00000,0x00000089b3e00000)]
  0x00000283788e4900 JavaThread "qtp1096343229-48" [_thread_in_native, id=10960, stack(0x00000089b3e00000,0x00000089b3f00000)]
  0x00000283788e0a70 JavaThread "qtp1096343229-49" [_thread_in_native, id=10892, stack(0x00000089b3f00000,0x00000089b4000000)]
  0x00000283788e2280 JavaThread "qtp1096343229-50-acceptor-0@3d5113c2-ServerConnector@38eb2fb0{HTTP/1.1, (http/1.1)}{0.0.0.0:57291}" [_thread_in_native, id=11568, stack(0x00000089b4000000,0x00000089b4100000)]
  0x00000283788e2c20 JavaThread "Thread-19" [_thread_blocked, id=4480, stack(0x00000089b1700000,0x00000089b1800000)]

Other Threads:
  0x000002834c8cd390 VMThread "VM Thread" [stack: 0x00000089b0900000,0x00000089b0a00000] [id=3852]
  0x000002834c83e500 WatcherThread "VM Periodic Task Thread" [stack: 0x00000089b1900000,0x00000089b1a00000] [id=4900]
  0x000002834c8b0a70 WorkerThread "GC Thread#0" [stack: 0x00000089b0400000,0x00000089b0500000] [id=9924]
  0x0000028374780720 WorkerThread "GC Thread#1" [stack: 0x00000089b1a00000,0x00000089b1b00000] [id=1332]
  0x00000283747809c0 WorkerThread "GC Thread#2" [stack: 0x00000089b1b00000,0x00000089b1c00000] [id=15524]
  0x0000028374780c60 WorkerThread "GC Thread#3" [stack: 0x00000089b1c00000,0x00000089b1d00000] [id=10532]
  0x0000028374846ea0 WorkerThread "GC Thread#4" [stack: 0x00000089b1d00000,0x00000089b1e00000] [id=6020]
  0x0000028374847950 WorkerThread "GC Thread#5" [stack: 0x00000089b1e00000,0x00000089b1f00000] [id=9248]
  0x00000283747751f0 WorkerThread "GC Thread#6" [stack: 0x00000089b1f00000,0x00000089b2000000] [id=7388]
  0x0000028374b510a0 WorkerThread "GC Thread#7" [stack: 0x00000089b2000000,0x00000089b2100000] [id=4192]
  0x0000028374807e40 WorkerThread "GC Thread#8" [stack: 0x00000089b2100000,0x00000089b2200000] [id=7748]
  0x0000028374d63030 WorkerThread "GC Thread#9" [stack: 0x00000089b2200000,0x00000089b2300000] [id=11020]
  0x000002834c8c1640 ConcurrentGCThread "G1 Main Marker" [stack: 0x00000089b0500000,0x00000089b0600000] [id=10560]
  0x000002834c8c2840 WorkerThread "G1 Conc#0" [stack: 0x00000089b0600000,0x00000089b0700000] [id=12024]
  0x00000283752b0600 WorkerThread "G1 Conc#1" [stack: 0x00000089b2f00000,0x00000089b3000000] [id=3728]
  0x00000283752b2040 WorkerThread "G1 Conc#2" [stack: 0x00000089b3000000,0x00000089b3100000] [id=6980]
  0x000002834c8fe560 ConcurrentGCThread "G1 Refine#0" [stack: 0x00000089b0700000,0x00000089b0800000] [id=3292]
  0x000002834c8fec20 ConcurrentGCThread "G1 Service" [stack: 0x00000089b0800000,0x00000089b0900000] [id=5352]

Threads with active compile tasks:

VM state: not at safepoint (normal execution)

VM Mutex/Monitor currently owned by a thread: None

Heap address: 0x0000000702600000, size: 4058 MB, Compressed Oops mode: Zero based, Oop shift amount: 3

CDS archive(s) mapped at: [0x0000000800000000-0x0000000800ba0000-0x0000000800ba0000), size 12189696, SharedBaseAddress: 0x0000000800000000, ArchiveRelocationMode: 0.
Compressed class space mapped at: 0x0000000800c00000-0x0000000840c00000, reserved size: 1073741824
Narrow klass base: 0x0000000800000000, Narrow klass shift: 0, Narrow klass range: 0x100000000

GC Precious Log:
 CardTable entry size: 512
 Card Set container configuration: InlinePtr #cards 4 size 8 Array Of Cards #cards 16 size 48 Howl #buckets 8 coarsen threshold 3686 Howl Bitmap #cards 512 size 80 coarsen threshold 460 Card regions per heap region 1 cards per card region 4096
 CPUs: 12 total, 12 available
 Memory: 16226M
 Large Page Support: Disabled
 NUMA Support: Disabled
 Compressed Oops: Enabled (Zero based)
 Heap Region Size: 2M
 Heap Min Capacity: 8M
 Heap Initial Capacity: 254M
 Heap Max Capacity: 4058M
 Pre-touch: Disabled
 Parallel Workers: 10
 Concurrent Workers: 3
 Concurrent Refinement Workers: 10
 Periodic GC: Disabled

Heap:
 garbage-first heap   total 194560K, used 78833K [0x0000000702600000, 0x0000000800000000)
  region size 2048K, 22 young (45056K), 5 survivors (10240K)
 Metaspace       used 32399K, committed 32832K, reserved 1114112K
  class space    used 3323K, committed 3584K, reserved 1048576K

Heap Regions: E=young(eden), S=young(survivor), O=old, HS=humongous(starts), HC=humongous(continues), CS=collection set, F=free, OA=open archive, CA=closed archive, TAMS=top-at-mark-start (previous, next)
|   0|0x0000000702600000, 0x0000000702800000, 0x0000000702800000|100%| O|  |TAMS 0x0000000702800000, 0x0000000702600000| Untracked 
|   1|0x0000000702800000, 0x0000000702a00000, 0x0000000702a00000|100%| O|  |TAMS 0x0000000702a00000, 0x0000000702800000| Untracked 
|   2|0x0000000702a00000, 0x0000000702c00000, 0x0000000702c00000|100%| O|  |TAMS 0x0000000702a00000, 0x0000000702a00000| Untracked 
|   3|0x0000000702c00000, 0x0000000702e00000, 0x0000000702e00000|100%| O|  |TAMS 0x0000000702c00000, 0x0000000702c00000| Untracked 
|   4|0x0000000702e00000, 0x0000000703000000, 0x0000000703000000|100%| O|  |TAMS 0x0000000702e00000, 0x0000000702e00000| Untracked 
|   5|0x0000000703000000, 0x0000000703200000, 0x0000000703200000|100%| O|  |TAMS 0x0000000703000000, 0x0000000703000000| Untracked 
|   6|0x0000000703200000, 0x0000000703400000, 0x0000000703400000|100%| O|  |TAMS 0x0000000703200000, 0x0000000703200000| Untracked 
|   7|0x0000000703400000, 0x0000000703600000, 0x0000000703600000|100%| O|  |TAMS 0x0000000703400000, 0x0000000703400000| Untracked 
|   8|0x0000000703600000, 0x0000000703800000, 0x0000000703800000|100%| O|  |TAMS 0x0000000703600000, 0x0000000703600000| Untracked 
|   9|0x0000000703800000, 0x0000000703a00000, 0x0000000703a00000|100%| O|  |TAMS 0x0000000703800000, 0x0000000703800000| Untracked 
|  10|0x0000000703a00000, 0x0000000703c00000, 0x0000000703c00000|100%| O|  |TAMS 0x0000000703a00000, 0x0000000703a00000| Untracked 
|  11|0x0000000703c00000, 0x0000000703e00000, 0x0000000703e00000|100%| O|  |TAMS 0x0000000703c00000, 0x0000000703c00000| Untracked 
|  12|0x0000000703e00000, 0x0000000704000000, 0x0000000704000000|100%| O|  |TAMS 0x0000000703e00000, 0x0000000703e00000| Untracked 
|  13|0x0000000704000000, 0x0000000704200000, 0x0000000704200000|100%| O|  |TAMS 0x0000000704000000, 0x0000000704000000| Untracked 
|  14|0x0000000704200000, 0x0000000704400000, 0x0000000704400000|100%| O|  |TAMS 0x0000000704200000, 0x0000000704200000| Untracked 
|  15|0x0000000704400000, 0x0000000704600000, 0x0000000704600000|100%| O|  |TAMS 0x0000000704400000, 0x0000000704400000| Untracked 
|  16|0x0000000704600000, 0x0000000704657800, 0x0000000704800000| 17%| O|  |TAMS 0x0000000704600000, 0x0000000704600000| Untracked 
|  17|0x0000000704800000, 0x0000000704a00000, 0x0000000704a00000|100%|HS|  |TAMS 0x0000000704800000, 0x0000000704800000| Complete 
|  18|0x0000000704a00000, 0x0000000704c00000, 0x0000000704c00000|100%|HS|  |TAMS 0x0000000704a00000, 0x0000000704a00000| Complete 
|  19|0x0000000704c00000, 0x0000000704c00000, 0x0000000704e00000|  0%| F|  |TAMS 0x0000000704c00000, 0x0000000704c00000| Untracked 
|  20|0x0000000704e00000, 0x0000000704e00000, 0x0000000705000000|  0%| F|  |TAMS 0x0000000704e00000, 0x0000000704e00000| Untracked 
|  21|0x0000000705000000, 0x0000000705000000, 0x0000000705200000|  0%| F|  |TAMS 0x0000000705000000, 0x0000000705000000| Untracked 
|  22|0x0000000705200000, 0x0000000705200000, 0x0000000705400000|  0%| F|  |TAMS 0x0000000705200000, 0x0000000705200000| Untracked 
|  23|0x0000000705400000, 0x0000000705400000, 0x0000000705600000|  0%| F|  |TAMS 0x0000000705400000, 0x0000000705400000| Untracked 
|  24|0x0000000705600000, 0x0000000705600000, 0x0000000705800000|  0%| F|  |TAMS 0x0000000705600000, 0x0000000705600000| Untracked 
|  25|0x0000000705800000, 0x0000000705800000, 0x0000000705a00000|  0%| F|  |TAMS 0x0000000705800000, 0x0000000705800000| Untracked 
|  26|0x0000000705a00000, 0x0000000705a00000, 0x0000000705c00000|  0%| F|  |TAMS 0x0000000705a00000, 0x0000000705a00000| Untracked 
|  27|0x0000000705c00000, 0x0000000705c00000, 0x0000000705e00000|  0%| F|  |TAMS 0x0000000705c00000, 0x0000000705c00000| Untracked 
|  28|0x0000000705e00000, 0x0000000705e00000, 0x0000000706000000|  0%| F|  |TAMS 0x0000000705e00000, 0x0000000705e00000| Untracked 
|  29|0x0000000706000000, 0x0000000706000000, 0x0000000706200000|  0%| F|  |TAMS 0x0000000706000000, 0x0000000706000000| Untracked 
|  30|0x0000000706200000, 0x0000000706200000, 0x0000000706400000|  0%| F|  |TAMS 0x0000000706200000, 0x0000000706200000| Untracked 
|  31|0x0000000706400000, 0x0000000706400000, 0x0000000706600000|  0%| F|  |TAMS 0x0000000706400000, 0x0000000706400000| Untracked 
|  32|0x0000000706600000, 0x0000000706600000, 0x0000000706800000|  0%| F|  |TAMS 0x0000000706600000, 0x0000000706600000| Untracked 
|  33|0x0000000706800000, 0x0000000706800000, 0x0000000706a00000|  0%| F|  |TAMS 0x0000000706800000, 0x0000000706800000| Untracked 
|  34|0x0000000706a00000, 0x0000000706a00000, 0x0000000706c00000|  0%| F|  |TAMS 0x0000000706a00000, 0x0000000706a00000| Untracked 
|  35|0x0000000706c00000, 0x0000000706c00000, 0x0000000706e00000|  0%| F|  |TAMS 0x0000000706c00000, 0x0000000706c00000| Untracked 
|  36|0x0000000706e00000, 0x0000000706ea4c40, 0x0000000707000000| 32%| S|CS|TAMS 0x0000000706e00000, 0x0000000706e00000| Complete 
|  37|0x0000000707000000, 0x0000000707200000, 0x0000000707200000|100%| S|CS|TAMS 0x0000000707000000, 0x0000000707000000| Complete 
|  38|0x0000000707200000, 0x0000000707400000, 0x0000000707400000|100%| S|CS|TAMS 0x0000000707200000, 0x0000000707200000| Complete 
|  39|0x0000000707400000, 0x0000000707600000, 0x0000000707600000|100%| S|CS|TAMS 0x0000000707400000, 0x0000000707400000| Complete 
|  40|0x0000000707600000, 0x0000000707800000, 0x0000000707800000|100%| S|CS|TAMS 0x0000000707600000, 0x0000000707600000| Complete 
|  41|0x0000000707800000, 0x0000000707800000, 0x0000000707a00000|  0%| F|  |TAMS 0x0000000707800000, 0x0000000707800000| Untracked 
|  42|0x0000000707a00000, 0x0000000707a00000, 0x0000000707c00000|  0%| F|  |TAMS 0x0000000707a00000, 0x0000000707a00000| Untracked 
|  43|0x0000000707c00000, 0x0000000707c00000, 0x0000000707e00000|  0%| F|  |TAMS 0x0000000707c00000, 0x0000000707c00000| Untracked 
|  44|0x0000000707e00000, 0x0000000707e00000, 0x0000000708000000|  0%| F|  |TAMS 0x0000000707e00000, 0x0000000707e00000| Untracked 
|  45|0x0000000708000000, 0x0000000708000000, 0x0000000708200000|  0%| F|  |TAMS 0x0000000708000000, 0x0000000708000000| Untracked 
|  46|0x0000000708200000, 0x0000000708200000, 0x0000000708400000|  0%| F|  |TAMS 0x0000000708200000, 0x0000000708200000| Untracked 
|  47|0x0000000708400000, 0x0000000708400000, 0x0000000708600000|  0%| F|  |TAMS 0x0000000708400000, 0x0000000708400000| Untracked 
|  48|0x0000000708600000, 0x0000000708600000, 0x0000000708800000|  0%| F|  |TAMS 0x0000000708600000, 0x0000000708600000| Untracked 
|  49|0x0000000708800000, 0x0000000708800000, 0x0000000708a00000|  0%| F|  |TAMS 0x0000000708800000, 0x0000000708800000| Untracked 
|  50|0x0000000708a00000, 0x0000000708a00000, 0x0000000708c00000|  0%| F|  |TAMS 0x0000000708a00000, 0x0000000708a00000| Untracked 
|  51|0x0000000708c00000, 0x0000000708c00000, 0x0000000708e00000|  0%| F|  |TAMS 0x0000000708c00000, 0x0000000708c00000| Untracked 
|  52|0x0000000708e00000, 0x0000000708e00000, 0x0000000709000000|  0%| F|  |TAMS 0x0000000708e00000, 0x0000000708e00000| Untracked 
|  53|0x0000000709000000, 0x0000000709000000, 0x0000000709200000|  0%| F|  |TAMS 0x0000000709000000, 0x0000000709000000| Untracked 
|  54|0x0000000709200000, 0x0000000709200000, 0x0000000709400000|  0%| F|  |TAMS 0x0000000709200000, 0x0000000709200000| Untracked 
|  55|0x0000000709400000, 0x0000000709400000, 0x0000000709600000|  0%| F|  |TAMS 0x0000000709400000, 0x0000000709400000| Untracked 
|  56|0x0000000709600000, 0x0000000709600000, 0x0000000709800000|  0%| F|  |TAMS 0x0000000709600000, 0x0000000709600000| Untracked 
|  57|0x0000000709800000, 0x0000000709800000, 0x0000000709a00000|  0%| F|  |TAMS 0x0000000709800000, 0x0000000709800000| Untracked 
|  58|0x0000000709a00000, 0x0000000709a00000, 0x0000000709c00000|  0%| F|  |TAMS 0x0000000709a00000, 0x0000000709a00000| Untracked 
|  59|0x0000000709c00000, 0x0000000709c00000, 0x0000000709e00000|  0%| F|  |TAMS 0x0000000709c00000, 0x0000000709c00000| Untracked 
|  60|0x0000000709e00000, 0x0000000709e00000, 0x000000070a000000|  0%| F|  |TAMS 0x0000000709e00000, 0x0000000709e00000| Untracked 
|  61|0x000000070a000000, 0x000000070a000000, 0x000000070a200000|  0%| F|  |TAMS 0x000000070a000000, 0x000000070a000000| Untracked 
|  62|0x000000070a200000, 0x000000070a200000, 0x000000070a400000|  0%| F|  |TAMS 0x000000070a200000, 0x000000070a200000| Untracked 
|  63|0x000000070a400000, 0x000000070a400000, 0x000000070a600000|  0%| F|  |TAMS 0x000000070a400000, 0x000000070a400000| Untracked 
|  64|0x000000070a600000, 0x000000070a600000, 0x000000070a800000|  0%| F|  |TAMS 0x000000070a600000, 0x000000070a600000| Untracked 
|  65|0x000000070a800000, 0x000000070a800000, 0x000000070aa00000|  0%| F|  |TAMS 0x000000070a800000, 0x000000070a800000| Untracked 
|  66|0x000000070aa00000, 0x000000070aa00000, 0x000000070ac00000|  0%| F|  |TAMS 0x000000070aa00000, 0x000000070aa00000| Untracked 
|  67|0x000000070ac00000, 0x000000070ac00000, 0x000000070ae00000|  0%| F|  |TAMS 0x000000070ac00000, 0x000000070ac00000| Untracked 
|  68|0x000000070ae00000, 0x000000070ae00000, 0x000000070b000000|  0%| F|  |TAMS 0x000000070ae00000, 0x000000070ae00000| Untracked 
|  69|0x000000070b000000, 0x000000070b000000, 0x000000070b200000|  0%| F|  |TAMS 0x000000070b000000, 0x000000070b000000| Untracked 
|  70|0x000000070b200000, 0x000000070b200000, 0x000000070b400000|  0%| F|  |TAMS 0x000000070b200000, 0x000000070b200000| Untracked 
|  71|0x000000070b400000, 0x000000070b400000, 0x000000070b600000|  0%| F|  |TAMS 0x000000070b400000, 0x000000070b400000| Untracked 
|  72|0x000000070b600000, 0x000000070b600000, 0x000000070b800000|  0%| F|  |TAMS 0x000000070b600000, 0x000000070b600000| Untracked 
|  73|0x000000070b800000, 0x000000070b800000, 0x000000070ba00000|  0%| F|  |TAMS 0x000000070b800000, 0x000000070b800000| Untracked 
|  74|0x000000070ba00000, 0x000000070ba00000, 0x000000070bc00000|  0%| F|  |TAMS 0x000000070ba00000, 0x000000070ba00000| Untracked 
|  75|0x000000070bc00000, 0x000000070bc00000, 0x000000070be00000|  0%| F|  |TAMS 0x000000070bc00000, 0x000000070bc00000| Untracked 
|  76|0x000000070be00000, 0x000000070be00000, 0x000000070c000000|  0%| F|  |TAMS 0x000000070be00000, 0x000000070be00000| Untracked 
|  77|0x000000070c000000, 0x000000070c000000, 0x000000070c200000|  0%| F|  |TAMS 0x000000070c000000, 0x000000070c000000| Untracked 
|  78|0x000000070c200000, 0x000000070c300800, 0x000000070c400000| 50%| E|  |TAMS 0x000000070c200000, 0x000000070c200000| Complete 
|  79|0x000000070c400000, 0x000000070c600000, 0x000000070c600000|100%| E|CS|TAMS 0x000000070c400000, 0x000000070c400000| Complete 
|  80|0x000000070c600000, 0x000000070c800000, 0x000000070c800000|100%| E|CS|TAMS 0x000000070c600000, 0x000000070c600000| Complete 
|  81|0x000000070c800000, 0x000000070ca00000, 0x000000070ca00000|100%| E|CS|TAMS 0x000000070c800000, 0x000000070c800000| Complete 
|  82|0x000000070ca00000, 0x000000070cc00000, 0x000000070cc00000|100%| E|CS|TAMS 0x000000070ca00000, 0x000000070ca00000| Complete 
|  83|0x000000070cc00000, 0x000000070ce00000, 0x000000070ce00000|100%| E|CS|TAMS 0x000000070cc00000, 0x000000070cc00000| Complete 
|  84|0x000000070ce00000, 0x000000070d000000, 0x000000070d000000|100%| E|CS|TAMS 0x000000070ce00000, 0x000000070ce00000| Complete 
|  85|0x000000070d000000, 0x000000070d200000, 0x000000070d200000|100%| E|CS|TAMS 0x000000070d000000, 0x000000070d000000| Complete 
|  86|0x000000070d200000, 0x000000070d400000, 0x000000070d400000|100%| E|CS|TAMS 0x000000070d200000, 0x000000070d200000| Complete 
|  87|0x000000070d400000, 0x000000070d600000, 0x000000070d600000|100%| E|CS|TAMS 0x000000070d400000, 0x000000070d400000| Complete 
|  88|0x000000070d600000, 0x000000070d800000, 0x000000070d800000|100%| E|CS|TAMS 0x000000070d600000, 0x000000070d600000| Complete 
|  89|0x000000070d800000, 0x000000070da00000, 0x000000070da00000|100%| E|CS|TAMS 0x000000070d800000, 0x000000070d800000| Complete 
|  90|0x000000070da00000, 0x000000070dc00000, 0x000000070dc00000|100%| E|CS|TAMS 0x000000070da00000, 0x000000070da00000| Complete 
|  91|0x000000070dc00000, 0x000000070de00000, 0x000000070de00000|100%| E|CS|TAMS 0x000000070dc00000, 0x000000070dc00000| Complete 
|  92|0x000000070de00000, 0x000000070e000000, 0x000000070e000000|100%| E|CS|TAMS 0x000000070de00000, 0x000000070de00000| Complete 
|  93|0x000000070e000000, 0x000000070e200000, 0x000000070e200000|100%| E|CS|TAMS 0x000000070e000000, 0x000000070e000000| Complete 
| 126|0x0000000712200000, 0x0000000712400000, 0x0000000712400000|100%| E|CS|TAMS 0x0000000712200000, 0x0000000712200000| Complete 

Card table byte_map: [0x0000028363eb0000,0x00000283646a0000] _byte_map_base: 0x000002836069d000

Marking Bits (Prev, Next): (CMBitMap*) 0x000002834c8b0fc0, (CMBitMap*) 0x000002834c8b0f80
 Prev Bits: [0x0000028368e00000, 0x000002836cd68000)
 Next Bits: [0x0000028364e90000, 0x0000028368df8000)

Polling page: 0x000002834a840000

Metaspace:

Usage:
  Non-class:     28.39 MB used.
      Class:      3.25 MB used.
       Both:     31.64 MB used.

Virtual space:
  Non-class space:       64.00 MB reserved,      28.56 MB ( 45%) committed,  1 nodes.
      Class space:        1.00 GB reserved,       3.50 MB ( <1%) committed,  1 nodes.
             Both:        1.06 GB reserved,      32.06 MB (  3%) committed. 

Chunk freelists:
   Non-Class:  3.44 MB
       Class:  503.00 KB
        Both:  3.93 MB

MaxMetaspaceSize: unlimited
CompressedClassSpaceSize: 1.00 GB
Initial GC threshold: 21.00 MB
Current GC threshold: 35.12 MB
CDS: on
MetaspaceReclaimPolicy: balanced
 - commit_granule_bytes: 65536.
 - commit_granule_words: 8192.
 - virtual_space_node_default_size: 8388608.
 - enlarge_chunks_in_place: 1.
 - new_chunks_are_fully_committed: 0.
 - uncommit_free_chunks: 1.
 - use_allocation_guard: 0.


Internal statistics:

num_allocs_failed_limit: 3.
num_arena_births: 508.
num_arena_deaths: 0.
num_vsnodes_births: 2.
num_vsnodes_deaths: 0.
num_space_committed: 513.
num_space_uncommitted: 0.
num_chunks_returned_to_freelist: 3.
num_chunks_taken_from_freelist: 1237.
num_chunk_merges: 3.
num_chunk_splits: 830.
num_chunks_enlarged: 561.
num_inconsistent_stats: 0.

CodeHeap 'non-profiled nmethods': size=120000Kb used=4030Kb max_used=4030Kb free=115969Kb
 bounds [0x000002835bc40000, 0x000002835c030000, 0x0000028363170000]
CodeHeap 'profiled nmethods': size=120000Kb used=11040Kb max_used=11040Kb free=108959Kb
 bounds [0x0000028354710000, 0x00000283551e0000, 0x000002835bc40000]
CodeHeap 'non-nmethods': size=5760Kb used=1487Kb max_used=1600Kb free=4272Kb
 bounds [0x0000028354170000, 0x00000283543e0000, 0x0000028354710000]
 total_blobs=5738 nmethods=4972 adapters=678
 compilation: enabled
              stopped_count=0, restarted_count=0
 full_count=0

Compilation events (20 events):
Event: 13.144 Thread 0x000002836f9a9100 nmethod 5818 0x000002835c020c90 code [0x000002835c020e20, 0x000002835c020ef8]
Event: 13.144 Thread 0x000002836f9a9100 5809       3       sun.reflect.generics.scope.ClassScope::make (9 bytes)
Event: 13.144 Thread 0x000002836f9a9100 nmethod 5809 0x00000283551d7710 code [0x00000283551d78c0, 0x00000283551d7b98]
Event: 13.144 Thread 0x000002836f9a9100 5820       3       java.lang.Module::isExported (18 bytes)
Event: 13.145 Thread 0x000002836f9a9100 nmethod 5820 0x00000283551d7c90 code [0x00000283551d7e80, 0x00000283551d82a8]
Event: 13.153 Thread 0x000002836f9a0800 nmethod 5797 0x000002835c020f90 code [0x000002835c0211c0, 0x000002835c021be0]
Event: 13.153 Thread 0x000002836f9a0800 5815       4       com.google.gson.internal.$Gson$Types::equals (283 bytes)
Event: 13.156 Thread 0x000002836f9a0800 nmethod 5815 0x000002835c022510 code [0x000002835c022700, 0x000002835c022ac0]
Event: 13.156 Thread 0x000002836f9a0800 5814       4       com.google.gson.reflect.TypeToken::equals (30 bytes)
Event: 13.159 Thread 0x000002836f9a0800 nmethod 5814 0x000002835c022e10 code [0x000002835c023020, 0x000002835c0234a0]
Event: 13.159 Thread 0x000002836f9a0800 5811       4       com.google.gson.internal.$Gson$Types::getRawType (179 bytes)
Event: 13.162 Thread 0x000002836f9a0800 nmethod 5811 0x000002835c023890 code [0x000002835c023a40, 0x000002835c023c78]
Event: 13.162 Thread 0x000002836f9a0800 5816       4       java.util.AbstractList::<init> (10 bytes)
Event: 13.162 Thread 0x000002836f9a0800 nmethod 5816 0x000002835c023e90 code [0x000002835c024000, 0x000002835c024078]
Event: 13.162 Thread 0x000002836f9a0800 5819       4       java.lang.invoke.DirectMethodHandle::checkBase (5 bytes)
Event: 13.162 Thread 0x000002836f9a0800 nmethod 5819 0x000002835c024190 code [0x000002835c024300, 0x000002835c024378]
Event: 13.162 Thread 0x000002836f9a0800 5804       4       com.google.gson.reflect.TypeToken::get (9 bytes)
Event: 13.174 Thread 0x000002837516e1e0 nmethod 5796 0x000002835c024490 code [0x000002835c024780, 0x000002835c0262e8]
Event: 13.184 Thread 0x000002836f9a0800 nmethod 5804 0x000002835c027890 code [0x000002835c027b60, 0x000002835c029148]
Event: 13.185 Thread 0x0000028375171990 nmethod 5806 0x000002835c029d90 code [0x000002835c02a140, 0x000002835c02c110]

GC Heap History (20 events):
Event: 2.168 GC heap before
{Heap before GC invocations=4 (full 0):
 garbage-first heap   total 61440K, used 42375K [0x0000000702600000, 0x0000000800000000)
  region size 2048K, 18 young (36864K), 5 survivors (10240K)
 Metaspace       used 22437K, committed 22656K, reserved 1114112K
  class space    used 2514K, committed 2624K, reserved 1048576K
}
Event: 2.178 GC heap after
{Heap after GC invocations=5 (full 0):
 garbage-first heap   total 61440K, used 17595K [0x0000000702600000, 0x0000000800000000)
  region size 2048K, 1 young (2048K), 1 survivors (2048K)
 Metaspace       used 22437K, committed 22656K, reserved 1114112K
  class space    used 2514K, committed 2624K, reserved 1048576K
}
Event: 2.206 GC heap before
{Heap before GC invocations=5 (full 0):
 garbage-first heap   total 61440K, used 19643K [0x0000000702600000, 0x0000000800000000)
  region size 2048K, 2 young (4096K), 1 survivors (2048K)
 Metaspace       used 22451K, committed 22720K, reserved 1114112K
  class space    used 2514K, committed 2624K, reserved 1048576K
}
Event: 2.211 GC heap after
{Heap after GC invocations=6 (full 0):
 garbage-first heap   total 61440K, used 17937K [0x0000000702600000, 0x0000000800000000)
  region size 2048K, 1 young (2048K), 1 survivors (2048K)
 Metaspace       used 22451K, committed 22720K, reserved 1114112K
  class space    used 2514K, committed 2624K, reserved 1048576K
}
Event: 2.398 GC heap before
{Heap before GC invocations=6 (full 0):
 garbage-first heap   total 61440K, used 38417K [0x0000000702600000, 0x0000000800000000)
  region size 2048K, 12 young (24576K), 1 survivors (2048K)
 Metaspace       used 24990K, committed 25216K, reserved 1114112K
  class space    used 2717K, committed 2816K, reserved 1048576K
}
Event: 2.400 GC heap after
{Heap after GC invocations=7 (full 0):
 garbage-first heap   total 161792K, used 18378K [0x0000000702600000, 0x0000000800000000)
  region size 2048K, 1 young (2048K), 1 survivors (2048K)
 Metaspace       used 24990K, committed 25216K, reserved 1114112K
  class space    used 2717K, committed 2816K, reserved 1048576K
}
Event: 3.300 GC heap before
{Heap before GC invocations=7 (full 0):
 garbage-first heap   total 161792K, used 112586K [0x0000000702600000, 0x0000000800000000)
  region size 2048K, 47 young (96256K), 1 survivors (2048K)
 Metaspace       used 27228K, committed 27584K, reserved 1114112K
  class space    used 2815K, committed 3008K, reserved 1048576K
}
Event: 3.306 GC heap after
{Heap after GC invocations=8 (full 0):
 garbage-first heap   total 161792K, used 24636K [0x0000000702600000, 0x0000000800000000)
  region size 2048K, 4 young (8192K), 4 survivors (8192K)
 Metaspace       used 27228K, committed 27584K, reserved 1114112K
  class space    used 2815K, committed 3008K, reserved 1048576K
}
Event: 3.817 GC heap before
{Heap before GC invocations=8 (full 0):
 garbage-first heap   total 161792K, used 112700K [0x0000000702600000, 0x0000000800000000)
  region size 2048K, 47 young (96256K), 4 survivors (8192K)
 Metaspace       used 27229K, committed 27584K, reserved 1114112K
  class space    used 2815K, committed 3008K, reserved 1048576K
}
Event: 3.825 GC heap after
{Heap after GC invocations=9 (full 0):
 garbage-first heap   total 161792K, used 30734K [0x0000000702600000, 0x0000000800000000)
  region size 2048K, 3 young (6144K), 3 survivors (6144K)
 Metaspace       used 27229K, committed 27584K, reserved 1114112K
  class space    used 2815K, committed 3008K, reserved 1048576K
}
Event: 4.240 GC heap before
{Heap before GC invocations=9 (full 0):
 garbage-first heap   total 161792K, used 120846K [0x0000000702600000, 0x0000000800000000)
  region size 2048K, 47 young (96256K), 3 survivors (6144K)
 Metaspace       used 27229K, committed 27584K, reserved 1114112K
  class space    used 2815K, committed 3008K, reserved 1048576K
}
Event: 4.245 GC heap after
{Heap after GC invocations=10 (full 0):
 garbage-first heap   total 161792K, used 33475K [0x0000000702600000, 0x0000000800000000)
  region size 2048K, 5 young (10240K), 5 survivors (10240K)
 Metaspace       used 27229K, committed 27584K, reserved 1114112K
  class space    used 2815K, committed 3008K, reserved 1048576K
}
Event: 4.560 GC heap before
{Heap before GC invocations=10 (full 0):
 garbage-first heap   total 161792K, used 119491K [0x0000000702600000, 0x0000000800000000)
  region size 2048K, 47 young (96256K), 5 survivors (10240K)
 Metaspace       used 27229K, committed 27584K, reserved 1114112K
  class space    used 2815K, committed 3008K, reserved 1048576K
}
Event: 4.566 GC heap after
{Heap after GC invocations=11 (full 0):
 garbage-first heap   total 161792K, used 35499K [0x0000000702600000, 0x0000000800000000)
  region size 2048K, 3 young (6144K), 3 survivors (6144K)
 Metaspace       used 27229K, committed 27584K, reserved 1114112K
  class space    used 2815K, committed 3008K, reserved 1048576K
}
Event: 4.855 GC heap before
{Heap before GC invocations=11 (full 0):
 garbage-first heap   total 161792K, used 125611K [0x0000000702600000, 0x0000000800000000)
  region size 2048K, 47 young (96256K), 3 survivors (6144K)
 Metaspace       used 27229K, committed 27584K, reserved 1114112K
  class space    used 2815K, committed 3008K, reserved 1048576K
}
Event: 4.860 GC heap after
{Heap after GC invocations=12 (full 0):
 garbage-first heap   total 161792K, used 37164K [0x0000000702600000, 0x0000000800000000)
  region size 2048K, 4 young (8192K), 4 survivors (8192K)
 Metaspace       used 27229K, committed 27584K, reserved 1114112K
  class space    used 2815K, committed 3008K, reserved 1048576K
}
Event: 5.130 GC heap before
{Heap before GC invocations=12 (full 0):
 garbage-first heap   total 161792K, used 125228K [0x0000000702600000, 0x0000000800000000)
  region size 2048K, 47 young (96256K), 4 survivors (8192K)
 Metaspace       used 27283K, committed 27648K, reserved 1114112K
  class space    used 2819K, committed 3008K, reserved 1048576K
}
Event: 5.139 GC heap after
{Heap after GC invocations=13 (full 0):
 garbage-first heap   total 194560K, used 38932K [0x0000000702600000, 0x0000000800000000)
  region size 2048K, 3 young (6144K), 3 survivors (6144K)
 Metaspace       used 27283K, committed 27648K, reserved 1114112K
  class space    used 2819K, committed 3008K, reserved 1048576K
}
Event: 12.502 GC heap before
{Heap before GC invocations=13 (full 0):
 garbage-first heap   total 194560K, used 149524K [0x0000000702600000, 0x0000000800000000)
  region size 2048K, 57 young (116736K), 3 survivors (6144K)
 Metaspace       used 31538K, committed 31872K, reserved 1114112K
  class space    used 3231K, committed 3392K, reserved 1048576K
}
Event: 12.508 GC heap after
{Heap after GC invocations=14 (full 0):
 garbage-first heap   total 194560K, used 41969K [0x0000000702600000, 0x0000000800000000)
  region size 2048K, 5 young (10240K), 5 survivors (10240K)
 Metaspace       used 31538K, committed 31872K, reserved 1114112K
  class space    used 3231K, committed 3392K, reserved 1048576K
}

Deoptimization events (20 events):
Event: 13.141 Thread 0x00000283788e2c20 Uncommon trap: trap_request=0xffffffde fr.pc=0x000002835bd7758c relative=0x0000000000000f6c
Event: 13.141 Thread 0x00000283788e2c20 Uncommon trap: reason=class_check action=maybe_recompile pc=0x000002835bd7758c method=java.util.concurrent.ConcurrentHashMap.putVal(Ljava/lang/Object;Ljava/lang/Object;Z)Ljava/lang/Object; @ 242 c2
Event: 13.141 Thread 0x00000283788e2c20 DEOPT PACKING pc=0x000002835bd7758c sp=0x00000089b17fe110
Event: 13.141 Thread 0x00000283788e2c20 DEOPT UNPACKING pc=0x00000283541c23a3 sp=0x00000089b17fe0a0 mode 2
Event: 13.141 Thread 0x00000283788e2c20 DEOPT PACKING pc=0x0000028354d3844c sp=0x00000089b17fdd90
Event: 13.141 Thread 0x00000283788e2c20 DEOPT UNPACKING pc=0x00000283541c2b43 sp=0x00000089b17fd2d8 mode 1
Event: 13.142 Thread 0x00000283788e2c20 Uncommon trap: trap_request=0xffffff45 fr.pc=0x000002835c008f80 relative=0x00000000000001a0
Event: 13.142 Thread 0x00000283788e2c20 Uncommon trap: reason=unstable_if action=reinterpret pc=0x000002835c008f80 method=com.google.gson.stream.JsonWriter.beforeValue()V @ 4 c2
Event: 13.142 Thread 0x00000283788e2c20 DEOPT PACKING pc=0x000002835c008f80 sp=0x00000089b17fe4c0
Event: 13.142 Thread 0x00000283788e2c20 DEOPT UNPACKING pc=0x00000283541c23a3 sp=0x00000089b17fe468 mode 2
Event: 13.142 Thread 0x00000283788e2c20 Uncommon trap: trap_request=0xffffff45 fr.pc=0x000002835bff2b2c relative=0x00000000000015ec
Event: 13.142 Thread 0x00000283788e2c20 Uncommon trap: reason=unstable_if action=reinterpret pc=0x000002835bff2b2c method=com.google.gson.stream.JsonWriter.string(Ljava/lang/String;)V @ 143 c2
Event: 13.142 Thread 0x00000283788e2c20 DEOPT PACKING pc=0x000002835bff2b2c sp=0x00000089b17fe2c0
Event: 13.142 Thread 0x00000283788e2c20 DEOPT UNPACKING pc=0x00000283541c23a3 sp=0x00000089b17fe2c8 mode 2
Event: 13.143 Thread 0x00000283788e2c20 DEOPT PACKING pc=0x0000028354d3844c sp=0x00000089b17fe040
Event: 13.143 Thread 0x00000283788e2c20 DEOPT UNPACKING pc=0x00000283541c2b43 sp=0x00000089b17fd588 mode 1
Event: 13.143 Thread 0x00000283788e2c20 DEOPT PACKING pc=0x0000028354d3844c sp=0x00000089b17fdbb0
Event: 13.143 Thread 0x00000283788e2c20 DEOPT UNPACKING pc=0x00000283541c2b43 sp=0x00000089b17fd0f8 mode 1
Event: 13.144 Thread 0x00000283788e2c20 DEOPT PACKING pc=0x0000028354d3844c sp=0x00000089b17fd720
Event: 13.144 Thread 0x00000283788e2c20 DEOPT UNPACKING pc=0x00000283541c2b43 sp=0x00000089b17fcc68 mode 1

Classes loaded (20 events):
Event: 12.778 Loading class jdk/internal/reflect/UTF8
Event: 12.778 Loading class jdk/internal/reflect/UTF8 done
Event: 12.778 Loading class jdk/internal/reflect/Label
Event: 12.778 Loading class jdk/internal/reflect/Label done
Event: 12.778 Loading class jdk/internal/reflect/Label$PatchInfo
Event: 12.778 Loading class jdk/internal/reflect/Label$PatchInfo done
Event: 12.778 Loading class jdk/internal/reflect/MethodAccessorGenerator$1
Event: 12.778 Loading class jdk/internal/reflect/MethodAccessorGenerator$1 done
Event: 12.778 Loading class jdk/internal/reflect/ClassDefiner
Event: 12.779 Loading class jdk/internal/reflect/ClassDefiner done
Event: 12.779 Loading class jdk/internal/reflect/ClassDefiner$1
Event: 12.779 Loading class jdk/internal/reflect/ClassDefiner$1 done
Event: 12.779 Loading class jdk/internal/reflect/SerializationConstructorAccessorImpl
Event: 12.779 Loading class jdk/internal/reflect/SerializationConstructorAccessorImpl done
Event: 12.779 Loading class java/io/ClassCache$CacheRef
Event: 12.779 Loading class java/io/ClassCache$CacheRef done
Event: 12.779 Loading class java/io/ObjectStreamClass$FieldReflectorKey
Event: 12.779 Loading class java/io/ObjectStreamClass$FieldReflectorKey done
Event: 12.779 Loading class java/io/ObjectStreamClass$FieldReflector
Event: 12.780 Loading class java/io/ObjectStreamClass$FieldReflector done

Classes unloaded (0 events):
No events

Classes redefined (1 events):
Event: 75.052 Thread 0x000002834c8cd390 redefined class name=org.datacrow.core.server.serialization.serializers.SettingsAdapter, count=1

Internal exceptions (20 events):
Event: 3.527 Thread 0x000002834c83d5a0 Implicit null exception at 0x000002835beaecd2 to 0x000002835beaf818
Event: 5.063 Thread 0x000002834c83d5a0 Implicit null exception at 0x000002835be37934 to 0x000002835be38c08
Event: 5.808 Thread 0x000002834c83d5a0 Implicit null exception at 0x000002835be97d87 to 0x000002835be97f1c
Event: 6.085 Thread 0x000002834c83d5a0 Implicit null exception at 0x000002835bf53d88 to 0x000002835bf54c04
Event: 6.168 Thread 0x000002834c83d5a0 Exception <a 'java/lang/NoSuchMethodError'{0x000000070be0e0e0}: 'java.lang.Object java.lang.invoke.DirectMethodHandle$Holder.invokeSpecial(java.lang.Object, java.lang.Object, int, int, int, int)'> (0x000000070be0e0e0) 
thrown [s\open\src\hotspot\share\interpreter\linkResolver.cpp, line 759]
Event: 6.168 Thread 0x000002834c83d5a0 Exception <a 'java/lang/NoSuchMethodError'{0x000000070be11478}: 'java.lang.Object java.lang.invoke.Invokers$Holder.linkToTargetMethod(int, int, int, int, java.lang.Object)'> (0x000000070be11478) 
thrown [s\open\src\hotspot\share\interpreter\linkResolver.cpp, line 759]
Event: 6.376 Thread 0x000002834c83d5a0 Exception <a 'java/lang/NoSuchMethodError'{0x00000007095eda90}: 'void java.lang.invoke.DirectMethodHandle$Holder.invokeStaticInit(java.lang.Object)'> (0x00000007095eda90) 
thrown [s\open\src\hotspot\share\interpreter\linkResolver.cpp, line 759]
Event: 6.434 Thread 0x000002834c83d5a0 Exception <a 'java/lang/NoSuchMethodError'{0x0000000708cac5b0}: 'int java.lang.invoke.DirectMethodHandle$Holder.invokeSpecial(java.lang.Object, java.lang.Object, int)'> (0x0000000708cac5b0) 
thrown [s\open\src\hotspot\share\interpreter\linkResolver.cpp, line 759]
Event: 6.458 Thread 0x000002834c83d5a0 Exception <a 'java/lang/NoSuchMethodError'{0x0000000708b084d0}: 'void java.lang.invoke.DirectMethodHandle$Holder.invokeStaticInit(java.lang.Object, java.lang.Object, java.lang.Object)'> (0x0000000708b084d0) 
thrown [s\open\src\hotspot\share\interpreter\linkResolver.cpp, line 759]
Event: 6.471 Thread 0x000002834c83d5a0 Exception <a 'java/lang/ClassNotFoundException'{0x00000007088335b8}: sun/net/www/protocol/u/Handler> (0x00000007088335b8) 
thrown [s\open\src\hotspot\share\classfile\systemDictionary.cpp, line 255]
Event: 6.475 Thread 0x000002834c83d5a0 Exception <a 'sun/nio/fs/WindowsException'{0x000000070886c8d0}> (0x000000070886c8d0) 
thrown [s\open\src\hotspot\share\prims\jni.cpp, line 516]
Event: 6.507 Thread 0x000002834c83d5a0 Exception <a 'java/lang/NoSuchMethodError'{0x0000000708647ef8}: 'java.lang.Object java.lang.invoke.Invokers$Holder.linkToTargetMethod(java.lang.Object, long, java.lang.Object)'> (0x0000000708647ef8) 
thrown [s\open\src\hotspot\share\interpreter\linkResolver.cpp, line 759]
Event: 6.521 Thread 0x000002834c83d5a0 Exception <a 'java/lang/NoSuchMethodError'{0x0000000708071cd0}: 'int java.lang.invoke.DirectMethodHandle$Holder.invokeStaticInit(java.lang.Object, java.lang.Object)'> (0x0000000708071cd0) 
thrown [s\open\src\hotspot\share\interpreter\linkResolver.cpp, line 759]
Event: 6.553 Thread 0x000002834c83d5a0 Exception <a 'java/lang/NoSuchMethodError'{0x000000070815bd40}: 'void java.lang.invoke.DirectMethodHandle$Holder.invokeInterface(java.lang.Object, java.lang.Object)'> (0x000000070815bd40) 
thrown [s\open\src\hotspot\share\interpreter\linkResolver.cpp, line 759]
Event: 6.578 Thread 0x000002834c83d5a0 Exception <a 'java/lang/NoSuchMethodError'{0x0000000708197c60}: 'long java.lang.invoke.DirectMethodHandle$Holder.invokeInterface(java.lang.Object, java.lang.Object)'> (0x0000000708197c60) 
thrown [s\open\src\hotspot\share\interpreter\linkResolver.cpp, line 759]
Event: 6.579 Thread 0x000002834c83d5a0 Exception <a 'java/lang/NoSuchMethodError'{0x000000070819c140}: 'long java.lang.invoke.DelegatingMethodHandle$Holder.reinvoke_L(java.lang.Object, java.lang.Object)'> (0x000000070819c140) 
thrown [s\open\src\hotspot\share\interpreter\linkResolver.cpp, line 759]
Event: 12.776 Thread 0x00000283788e2c20 Exception <a 'java/lang/NoSuchMethodError'{0x000000070c47dde0}: 'long java.lang.invoke.DirectMethodHandle$Holder.invokeSpecial(java.lang.Object, java.lang.Object)'> (0x000000070c47dde0) 
thrown [s\open\src\hotspot\share\interpreter\linkResolver.cpp, line 759]
Event: 12.777 Thread 0x00000283788e2c20 Exception <a 'java/lang/NoSuchMethodError'{0x000000070c481278}: 'long java.lang.invoke.Invokers$Holder.invokeExact_MT(java.lang.Object, java.lang.Object)'> (0x000000070c481278) 
thrown [s\open\src\hotspot\share\interpreter\linkResolver.cpp, line 759]
Event: 26.278 Thread 0x00000283788e2c20 Exception <a 'java/lang/NoSuchMethodError'{0x000000070c582320}: 'java.lang.Object java.lang.invoke.DirectMethodHandle$Holder.invokeSpecial(java.lang.Object, java.lang.Object, long, int, java.lang.Object, int, int, int, int, java.lang.Object)'> (0x000000070c582320) 
thrown [s\open\src\hotspot\share\interpreter\linkResolver.cpp, line 759]
Event: 26.280 Thread 0x00000283788e2c20 Exception <a 'java/lang/NoSuchMethodError'{0x000000070c586060}: 'java.lang.Object java.lang.invoke.DelegatingMethodHandle$Holder.reinvoke_L(java.lang.Object, long, int, java.lang.Object, int, int, int, int, java.lang.Object)'> (0x000000070c586060) 
thrown [s\open\src\hotspot\share\interpreter\linkResolver.cpp, line 759]

VM Operations (20 events):
Event: 75.035 Executing VM operation: ChangeSingleStep
Event: 75.035 Executing VM operation: ChangeSingleStep done
Event: 75.035 Executing VM operation: ChangeSingleStep
Event: 75.035 Executing VM operation: ChangeSingleStep done
Event: 75.041 Executing VM operation: RedefineClasses
Event: 75.061 Executing VM operation: RedefineClasses done
Event: 75.069 Executing VM operation: ChangeBreakpoints
Event: 75.070 Executing VM operation: ChangeBreakpoints done
Event: 75.077 Executing VM operation: ChangeBreakpoints
Event: 75.079 Executing VM operation: ChangeBreakpoints done
Event: 75.085 Executing VM operation: ChangeBreakpoints
Event: 75.086 Executing VM operation: ChangeBreakpoints done
Event: 75.088 Executing VM operation: ChangeSingleStep
Event: 75.088 Executing VM operation: ChangeSingleStep done
Event: 75.088 Executing VM operation: get/set locals
Event: 75.089 Executing VM operation: get/set locals done
Event: 75.090 Executing VM operation: ChangeSingleStep
Event: 75.090 Executing VM operation: ChangeSingleStep done
Event: 75.144 Executing VM operation: get/set locals
Event: 75.145 Executing VM operation: get/set locals done

Events (20 events):
Event: 6.508 Thread 0x00000283788e3f60 Thread added: 0x00000283788e3f60
Event: 6.508 Thread 0x00000283788df260 Thread added: 0x00000283788df260
Event: 6.509 Thread 0x00000283788df730 Thread added: 0x00000283788df730
Event: 6.566 Thread 0x00000283788dfc00 Thread added: 0x00000283788dfc00
Event: 6.568 Thread 0x00000283788e30f0 Thread added: 0x00000283788e30f0
Event: 6.570 Thread 0x00000283788e00d0 Thread added: 0x00000283788e00d0
Event: 6.573 Thread 0x00000283788e4900 Thread added: 0x00000283788e4900
Event: 6.575 Thread 0x00000283788e0a70 Thread added: 0x00000283788e0a70
Event: 6.575 Thread 0x00000283788e2280 Thread added: 0x00000283788e2280
Event: 7.262 Thread 0x0000028374ed00f0 Thread exited: 0x0000028374ed00f0
Event: 7.262 Thread 0x0000028374d7c360 Thread exited: 0x0000028374d7c360
Event: 11.649 Thread 0x000002837adb5f50 Thread exited: 0x000002837adb5f50
Event: 12.453 Thread 0x0000028374ee4ff0 Thread exited: 0x0000028374ee4ff0
Event: 12.458 Thread 0x00000283788e2c20 Thread added: 0x00000283788e2c20
Event: 12.494 Thread 0x000002837516e1e0 Thread added: 0x000002837516e1e0
Event: 12.637 Thread 0x000002837516f110 Thread added: 0x000002837516f110
Event: 13.132 Thread 0x000002837516f110 Thread exited: 0x000002837516f110
Event: 13.142 Thread 0x0000028375171990 Thread added: 0x0000028375171990
Event: 18.199 Thread 0x0000028375171990 Thread exited: 0x0000028375171990
Event: 23.191 Thread 0x000002837516e1e0 Thread exited: 0x000002837516e1e0


Dynamic libraries:
0x00007ff623f20000 - 0x00007ff623f30000 	C:\Program Files\Java\jdk-18.0.2.1\bin\javaw.exe
0x00007ff8b9e00000 - 0x00007ff8ba009000 	C:\WINDOWS\SYSTEM32\ntdll.dll
0x00007ff8b9ad0000 - 0x00007ff8b9b8d000 	C:\WINDOWS\System32\KERNEL32.DLL
0x00007ff8b7640000 - 0x00007ff8b79bc000 	C:\WINDOWS\System32\KERNELBASE.dll
0x00007ff8b7360000 - 0x00007ff8b7471000 	C:\WINDOWS\System32\ucrtbase.dll
0x00007ff89f700000 - 0x00007ff89f71a000 	C:\Program Files\Java\jdk-18.0.2.1\bin\VCRUNTIME140.dll
0x00007ff89f6e0000 - 0x00007ff89f6f8000 	C:\Program Files\Java\jdk-18.0.2.1\bin\jli.dll
0x00007ff8b7c90000 - 0x00007ff8b7d3e000 	C:\WINDOWS\System32\ADVAPI32.dll
0x00007ff8b7d40000 - 0x00007ff8b7de3000 	C:\WINDOWS\System32\msvcrt.dll
0x00007ff8b8ae0000 - 0x00007ff8b8b7e000 	C:\WINDOWS\System32\sechost.dll
0x00007ff8b8b90000 - 0x00007ff8b8cb0000 	C:\WINDOWS\System32\RPCRT4.dll
0x00007ff8b8cb0000 - 0x00007ff8b8e5d000 	C:\WINDOWS\System32\USER32.dll
0x00007ff8a7050000 - 0x00007ff8a72f5000 	C:\WINDOWS\WinSxS\amd64_microsoft.windows.common-controls_6595b64144ccf1df_6.0.22000.120_none_9d947278b86cc467\COMCTL32.dll
0x00007ff8b7610000 - 0x00007ff8b7636000 	C:\WINDOWS\System32\win32u.dll
0x00007ff8b8380000 - 0x00007ff8b83a9000 	C:\WINDOWS\System32\GDI32.dll
0x00007ff8b74f0000 - 0x00007ff8b7609000 	C:\WINDOWS\System32\gdi32full.dll
0x00007ff8b79c0000 - 0x00007ff8b7a5d000 	C:\WINDOWS\System32\msvcp_win.dll
0x00007ff8b1100000 - 0x00007ff8b110a000 	C:\WINDOWS\SYSTEM32\VERSION.dll
0x00007ff8b8510000 - 0x00007ff8b8541000 	C:\WINDOWS\System32\IMM32.DLL
0x00007ff8a5940000 - 0x00007ff8a594c000 	C:\Program Files\Java\jdk-18.0.2.1\bin\vcruntime140_1.dll
0x00007ff89c860000 - 0x00007ff89c8ed000 	C:\Program Files\Java\jdk-18.0.2.1\bin\msvcp140.dll
0x00007ff839bf0000 - 0x00007ff83a801000 	C:\Program Files\Java\jdk-18.0.2.1\bin\server\jvm.dll
0x00007ff8b8b80000 - 0x00007ff8b8b88000 	C:\WINDOWS\System32\PSAPI.DLL
0x00007ff892900000 - 0x00007ff892909000 	C:\WINDOWS\SYSTEM32\WSOCK32.dll
0x00007ff8b1160000 - 0x00007ff8b1193000 	C:\WINDOWS\SYSTEM32\WINMM.dll
0x00007ff8b9b90000 - 0x00007ff8b9bff000 	C:\WINDOWS\System32\WS2_32.dll
0x00007ff8b6480000 - 0x00007ff8b6498000 	C:\WINDOWS\SYSTEM32\kernel.appcore.dll
0x00007ff89f6d0000 - 0x00007ff89f6da000 	C:\Program Files\Java\jdk-18.0.2.1\bin\jimage.dll
0x00007ff8b5040000 - 0x00007ff8b5261000 	C:\WINDOWS\SYSTEM32\DBGHELP.DLL
0x00007ff88e1b0000 - 0x00007ff88e1e1000 	C:\WINDOWS\SYSTEM32\dbgcore.DLL
0x00007ff8b72e0000 - 0x00007ff8b735f000 	C:\WINDOWS\System32\bcryptPrimitives.dll
0x00007ff89b0b0000 - 0x00007ff89b0eb000 	C:\Program Files\Java\jdk-18.0.2.1\bin\jdwp.dll
0x00007ff8b37d0000 - 0x00007ff8b37de000 	C:\Program Files\Java\jdk-18.0.2.1\bin\instrument.dll
0x00007ff89c830000 - 0x00007ff89c855000 	C:\Program Files\Java\jdk-18.0.2.1\bin\java.dll
0x00007ff89ae50000 - 0x00007ff89af26000 	C:\Program Files\Java\jdk-18.0.2.1\bin\jsvml.dll
0x00007ff8b9290000 - 0x00007ff8b9a48000 	C:\WINDOWS\System32\SHELL32.dll
0x00007ff8b5400000 - 0x00007ff8b5c68000 	C:\WINDOWS\SYSTEM32\windows.storage.dll
0x00007ff8b8f10000 - 0x00007ff8b9289000 	C:\WINDOWS\System32\combase.dll
0x00007ff8b5290000 - 0x00007ff8b53f6000 	C:\WINDOWS\SYSTEM32\wintypes.dll
0x00007ff8b8110000 - 0x00007ff8b81fa000 	C:\WINDOWS\System32\SHCORE.dll
0x00007ff8b7fc0000 - 0x00007ff8b801d000 	C:\WINDOWS\System32\shlwapi.dll
0x00007ff8b7210000 - 0x00007ff8b7231000 	C:\WINDOWS\SYSTEM32\profapi.dll
0x00007ff8a03c0000 - 0x00007ff8a03cc000 	C:\Program Files\Java\jdk-18.0.2.1\bin\dt_socket.dll
0x00007ff8b5f30000 - 0x00007ff8b5f5d000 	C:\WINDOWS\SYSTEM32\IPHLPAPI.DLL
0x00007ff8b68b0000 - 0x00007ff8b6917000 	C:\WINDOWS\system32\mswsock.dll
0x00007ff8b5f70000 - 0x00007ff8b6058000 	C:\WINDOWS\SYSTEM32\DNSAPI.dll
0x00007ff8b8370000 - 0x00007ff8b8379000 	C:\WINDOWS\System32\NSI.dll
0x00007ff8aae30000 - 0x00007ff8aae3a000 	C:\Windows\System32\rasadhlp.dll
0x00007ff8af100000 - 0x00007ff8af181000 	C:\WINDOWS\System32\fwpuclnt.dll
0x00007ff89b0f0000 - 0x00007ff89b108000 	C:\Program Files\Java\jdk-18.0.2.1\bin\zip.dll
0x00007ff89ebb0000 - 0x00007ff89ebc3000 	C:\Program Files\Java\jdk-18.0.2.1\bin\net.dll
0x00007ff8b0ff0000 - 0x00007ff8b10fc000 	C:\WINDOWS\SYSTEM32\WINHTTP.dll
0x00007ff89b110000 - 0x00007ff89b126000 	C:\Program Files\Java\jdk-18.0.2.1\bin\nio.dll
0x00007ff89c820000 - 0x00007ff89c830000 	C:\Program Files\Java\jdk-18.0.2.1\bin\verify.dll
0x00007ff89a170000 - 0x00007ff89a179000 	C:\Program Files\Java\jdk-18.0.2.1\bin\management.dll
0x00007ff898d50000 - 0x00007ff898d5b000 	C:\Program Files\Java\jdk-18.0.2.1\bin\management_ext.dll
0x00007ff87f0f0000 - 0x00007ff87f107000 	C:\WINDOWS\system32\napinsp.dll
0x00007ff87f0d0000 - 0x00007ff87f0eb000 	C:\WINDOWS\system32\pnrpnsp.dll
0x00007ff87f0b0000 - 0x00007ff87f0c2000 	C:\WINDOWS\System32\winrnr.dll
0x00007ff8886e0000 - 0x00007ff8886f5000 	C:\WINDOWS\system32\wshbth.dll
0x00007ff87f090000 - 0x00007ff87f0af000 	C:\WINDOWS\system32\nlansp_c.dll
0x00007ff87d310000 - 0x00007ff87d49f000 	C:\Program Files\Java\jdk-18.0.2.1\bin\awt.dll
0x00007ff8b8430000 - 0x00007ff8b8506000 	C:\WINDOWS\System32\OLEAUT32.dll
0x00007ff8b45e0000 - 0x00007ff8b4671000 	C:\WINDOWS\SYSTEM32\apphelp.dll
0x00007ff8b4700000 - 0x00007ff8b47ac000 	C:\WINDOWS\system32\uxtheme.dll
0x00007ff8b89c0000 - 0x00007ff8b8ade000 	C:\WINDOWS\System32\MSCTF.dll
0x00007ff8b7e10000 - 0x00007ff8b7faa000 	C:\WINDOWS\System32\ole32.dll
0x00007ff8b4a80000 - 0x00007ff8b4aaf000 	C:\WINDOWS\system32\DWMAPI.DLL
0x00007ff8931d0000 - 0x00007ff893282000 	C:\WINDOWS\WinSxS\amd64_microsoft.windows.common-controls_6595b64144ccf1df_5.82.22000.1_none_271a8fad6a2d1b1e\comctl32.dll
0x00007ff882750000 - 0x00007ff8827d6000 	C:\Program Files\Java\jdk-18.0.2.1\bin\freetype.dll
0x00007ff85af50000 - 0x00007ff85aff8000 	C:\Program Files\Java\jdk-18.0.2.1\bin\fontmanager.dll
0x00007ff8b8e60000 - 0x00007ff8b8f0f000 	C:\WINDOWS\System32\clbcatq.dll
0x00007ff8b2ce0000 - 0x00007ff8b2dd7000 	C:\WINDOWS\SYSTEM32\PROPSYS.dll
0x00007ff89a180000 - 0x00007ff89a198000 	C:\WINDOWS\system32\NetworkExplorer.dll
0x00007ff8b6fb0000 - 0x00007ff8b6ffc000 	C:\WINDOWS\SYSTEM32\CFGMGR32.dll
0x00007ff8ac5d0000 - 0x00007ff8ac5ed000 	C:\WINDOWS\SYSTEM32\MPR.dll
0x00007ff89a1e0000 - 0x00007ff89a20b000 	C:\WINDOWS\System32\p9np.dll
0x00007ff89b090000 - 0x00007ff89b09c000 	C:\WINDOWS\System32\drprov.dll
0x00007ff89a1c0000 - 0x00007ff89a1e0000 	C:\WINDOWS\System32\ntlanman.dll
0x00007ff89a1a0000 - 0x00007ff89a1be000 	C:\WINDOWS\System32\davclnt.dll
0x00007ff8b5eb0000 - 0x00007ff8b5f13000 	C:\WINDOWS\System32\WINSTA.dll
0x00007ff8afe50000 - 0x00007ff8afe6a000 	C:\WINDOWS\System32\wkscli.dll
0x00007ff88dde0000 - 0x00007ff88ddf2000 	C:\WINDOWS\SYSTEM32\cscapi.dll
0x00007ff8b5f20000 - 0x00007ff8b5f2c000 	C:\WINDOWS\System32\netutils.dll
0x00007ff898e10000 - 0x00007ff898e67000 	C:\Windows\System32\dlnashext.dll
0x00007ff88b650000 - 0x00007ff88b6be000 	C:\Windows\System32\PlayToDevice.dll
0x00007ff8931a0000 - 0x00007ff8931c1000 	C:\Windows\System32\DevDispItemProvider.dll
0x00007ff8ad740000 - 0x00007ff8ad7dc000 	C:\WINDOWS\System32\MMDevApi.dll
0x00007ff8b7000000 - 0x00007ff8b702c000 	C:\WINDOWS\System32\DEVOBJ.dll
0x00007ff889d20000 - 0x00007ff889dc2000 	C:\WINDOWS\system32\wpdshext.dll
0x00007ff8944d0000 - 0x00007ff894683000 	C:\WINDOWS\WinSxS\amd64_microsoft.windows.gdiplus_6595b64144ccf1df_1.1.22000.978_none_ce87762a12f7f3ba\gdiplus.dll
0x00007ff8b14b0000 - 0x00007ff8b154e000 	C:\Windows\System32\PortableDeviceApi.dll
0x00007ff8b8550000 - 0x00007ff8b89bc000 	C:\WINDOWS\System32\SETUPAPI.dll
0x00007ff8b7480000 - 0x00007ff8b74e8000 	C:\WINDOWS\System32\WINTRUST.dll
0x00007ff8b7b20000 - 0x00007ff8b7c82000 	C:\WINDOWS\System32\CRYPT32.dll
0x00007ff8b6b90000 - 0x00007ff8b6ba2000 	C:\WINDOWS\SYSTEM32\MSASN1.dll
0x00007ff898d60000 - 0x00007ff898d97000 	C:\Windows\System32\EhStorShell.dll
0x00007ff8a03d0000 - 0x00007ff8a03f5000 	C:\Windows\System32\EhStorAPI.dll
0x00007ff8b2c40000 - 0x00007ff8b2c54000 	C:\Windows\System32\WTSAPI32.dll
0x00007ff8b6b10000 - 0x00007ff8b6b28000 	C:\WINDOWS\SYSTEM32\CRYPTSP.dll
0x00007ff8b63e0000 - 0x00007ff8b6415000 	C:\WINDOWS\system32\rsaenh.dll
0x00007ff8b69c0000 - 0x00007ff8b69e9000 	C:\WINDOWS\SYSTEM32\USERENV.dll
0x00007ff8b6cc0000 - 0x00007ff8b6ce7000 	C:\WINDOWS\SYSTEM32\bcrypt.dll
0x00007ff8b6b30000 - 0x00007ff8b6b3c000 	C:\WINDOWS\SYSTEM32\CRYPTBASE.dll
0x00007ff8b1580000 - 0x00007ff8b1599000 	C:\WINDOWS\SYSTEM32\dhcpcsvc6.DLL
0x00007ff8b2060000 - 0x00007ff8b207e000 	C:\WINDOWS\SYSTEM32\dhcpcsvc.DLL

dbghelp: loaded successfully - version: 4.0.5 - missing functions: none
symbol engine: initialized successfully - sym options: 0x614 - pdb path: .;C:\Program Files\Java\jdk-18.0.2.1\bin;C:\WINDOWS\SYSTEM32;C:\WINDOWS\WinSxS\amd64_microsoft.windows.common-controls_6595b64144ccf1df_6.0.22000.120_none_9d947278b86cc467;C:\Program Files\Java\jdk-18.0.2.1\bin\server;C:\WINDOWS\WinSxS\amd64_microsoft.windows.common-controls_6595b64144ccf1df_5.82.22000.1_none_271a8fad6a2d1b1e;C:\WINDOWS\WinSxS\amd64_microsoft.windows.gdiplus_6595b64144ccf1df_1.1.22000.978_none_ce87762a12f7f3ba

VM Arguments:
jvm_args: -XX:+ShowCodeDetailsInExceptionMessages -agentlib:jdwp=transport=dt_socket,suspend=y,address=localhost:57283 -javaagent:C:\Users\RJ\.eclipse\org.eclipse.platform_4.24.0_867647348_win32_win32_x86_64\configuration\org.eclipse.osgi\407\0\.cp\lib\javaagent-shaded.jar -Dfile.encoding=UTF-8 
java_command: org.datacrow.server.DcServer -dir:U:\Projects\Data Crow\Modules\datacrow-build\staging\dc-server\ -userdir:U:\Projects\Data Crow\Test\ -credentials:rwaals/nvn126611 -port:9000 -imageserverport:9001 -ip:127.0.01 -debug
java_class_path (initial): U:\Projects\Data Crow\Modules\datacrow-server\target\classes;U:\Projects\Data Crow\Modules\datacrow-core\target\classes;C:\Users\RJ\.m2\repository\org\apache\logging\log4j\log4j-api\2.18.0\log4j-api-2.18.0.jar;C:\Users\RJ\.m2\repository\org\apache\logging\log4j\log4j-core\2.18.0\log4j-core-2.18.0.jar;C:\Users\RJ\.m2\repository\org\bouncycastle\bcprov-jdk15on\1.70\bcprov-jdk15on-1.70.jar;C:\Users\RJ\.m2\repository\com\github\Jonelo\Jacksum\3.1.0\Jacksum-3.1.0.jar;C:\Users\RJ\.m2\repository\net\sf\jasperreports\jasperreports\6.20.0\jasperreports-6.20.0.jar;C:\Users\RJ\.m2\repository\commons-beanutils\commons-beanutils\1.9.4\commons-beanutils-1.9.4.jar;C:\Users\RJ\.m2\repository\commons-collections\commons-collections\3.2.2\commons-collections-3.2.2.jar;C:\Users\RJ\.m2\repository\commons-digester\commons-digester\2.1\commons-digester-2.1.jar;C:\Users\RJ\.m2\repository\commons-logging\commons-logging\1.1.1\commons-logging-1.1.1.jar;C:\Users\RJ\.m2\repository\org\apache\commons\commons-collections4\4.2\commons-collections4-4.2.jar;C:\Users\RJ\.m2\repository\com\lowagie\itext\2.1.7.js10\itext-2.1.7.js10.jar;C:\Users\RJ\.m2\repository\org\bouncycastle\bcutil-jdk15on\1.70\bcutil-jdk15on-1.70.jar;C:\Users\RJ\.m2\repository\org\jfree\jcommon\1.0.23\jcommon-1.0.23.jar;C:\Users\RJ\.m2\repository\org\jfree\jfreechart\1.0.19\jfreechart-1.0.19.jar;C:\Users\RJ\.m2\repository\org\eclipse\jdt\ecj\3.21.0\ecj-3.21.0.jar;C:\Users\RJ\.m2\repository\com\fasterxml\jackson\core\jackson-core\2.13.3\jackson-core-2.13.3.jar;C:\Users\RJ\.m2\repository\com\fasterxml\jackson\core\jackson-databind\2.13.3\jackson-databind-2.13.3.jar;C:\Users\RJ\.m2\repository\com\fasterxml\jackson\core\jackson-annotations\2.13.3\jackson-annotations-2.13.3.jar;C:\Users\RJ\.m2\repository\com\fasterxml\jackson\dataformat\jackson-dataformat-xml\2.13.3\jackson-dataformat-xml-2.13.3.jar;C:\Users\RJ\.m2\repository\org\codehaus\woodstox\stax2-api\4.2.1\stax2-api-4.2.1.jar;C:\Users\RJ\.m2\repository\com\fasterxml\woodstox\woodstox-core\6.2.7\woodstox-core-6.2.7.jar;C:\Users\RJ\.m2\repository\org\jsoup\jsoup\1.15.3\jsoup-1.15.3.jar;C:\Users\RJ\.m2\repository\com\omertron\themoviedbapi\4.3\themoviedbapi-4.3.jar;C:\Users\RJ\.m2\repository\org\yamj\api-common\2.0\api-common-2.0.jar;C:\Users\RJ\.m2\repository\org\apache\httpcomponents\httpclient\4.5.1\httpclient-4.5.1.jar;C:\Users\RJ\.m2\repository\org\apache\httpcomponents\httpcore\4.4.3\httpcore-4.4.3.jar;C:\Users\RJ\.m2\repository\commons-codec\commons-codec\1.9\commons-codec-1.9.jar;C:\Users\RJ\.m2\repository\org\apache\commons\commons-lang3\3.4\commons-lang3-3.4.jar;C:\Users\RJ\.m2\repository\com\twelvemonkeys\imageio\imageio-core\3.8.3\imageio-core-3.8.3.jar;C:\Users\RJ\.m2\repository\com\twelvemonkeys\common\common-lang\3.8.3\common-lang-3.8.3.jar;C:\Users\RJ\.m2\repository\com\twelvemonkeys\common\common-io\3.8.3\common-io-3.8.3.jar;C:\Users\RJ\.m2\repository\com\twelvemonkeys\common\common-image\3.8.3\common-image-3.8.3.jar;C:\Users\RJ\.m2\repository\com\twelvemonkeys\imageio\imageio-metadata\3.8.3\imageio-metadata-3.8.3.jar;C:\Users\RJ\.m2\repository\com\twelvemonkeys\imageio\imageio-jpeg\3.8.3\imageio-jpeg-3.8.3.jar;C:\Users\RJ\.m2\repository\com\twelvemonkeys\imageio\imageio-tiff\3.8.3\imageio-tiff-3.8.3.jar;C:\Users\RJ\.m2\repository\com\twelvemonkeys\imageio\imageio-bmp\3.8.3\imageio-bmp-3.8.3.jar;C:\Users\RJ\.m2\repository\com\twelvemonkeys\imageio\imageio-batik\3.8.3\imageio-batik-3.8.3.jar;C:\Users\RJ\.m2\repository\com\twelvemonkeys\imageio\imageio-psd\3.8.3\imageio-psd-3.8.3.jar;C:\Users\RJ\.m2\repository\com\twelvemonkeys\imageio\imageio-icns\3.8.3\imageio-icns-3.8.3.jar;C:\Users\RJ\.m2\repository\com\twelvemonkeys\imageio\imageio-pnm\3.8.3\imageio-pnm-3.8.3.jar;C:\Users\RJ\.m2\repository\com\twelvemonkeys\imageio\imageio-pict\3.8.3\imageio-pict-3.8.3.jar;C:\Users\RJ\.m2\repository\com\twelvemonkeys\imageio\imageio-sgi\3.8.3\imageio-sgi-3.8.3.jar;C:\Users\RJ\.m2\repository\com\twelvemonkeys\imageio\imageio-tga\3.8.3\imageio-tga-3.8.3.jar;C:\Users\RJ\.m2\repository\com\twelvemonkeys\imageio\imageio-pcx\3.8.3\imageio-pcx-3.8.3.jar;C:\Users\RJ\.m2\repository\com\twelvemonkeys\imageio\imageio-iff\3.8.3\imageio-iff-3.8.3.jar;C:\Users\RJ\.m2\repository\com\twelvemonkeys\imageio\imageio-pdf\3.8.3\imageio-pdf-3.8.3.jar;C:\Users\RJ\.m2\repository\com\twelvemonkeys\imageio\imageio-thumbsdb\3.8.3\imageio-thumbsdb-3.8.3.jar;C:\Users\RJ\.m2\repository\com\twelvemonkeys\imageio\imageio-hdr\3.8.3\imageio-hdr-3.8.3.jar;C:\Users\RJ\.m2\repository\com\twelvemonkeys\imageio\imageio-clippath\3.8.3\imageio-clippath-3.8.3.jar;C:\Users\RJ\.m2\repository\org\apache\xmlgraphics\batik-transcoder\1.14\batik-transcoder-1.14.jar;C:\Users\RJ\.m2\repository\org\apache\xmlgraphics\batik-anim\1.14\batik-anim-1.14.jar;C:\Users\RJ\.m2\repository\org\apache\xmlgraphics\batik-ext\1.14\batik-ext-1.14.jar;C:\Users\RJ\.m2\repository\org\apache\xmlgraphics\batik-dom\1.14\batik-dom-1.14.jar;C:\Users\RJ\.m2\repository\xalan\xalan\2.7.2\xalan-2.7.2.jar;C:\Users\RJ\.m2\repository\xalan\serializer\2.7.2\serializer-2.7.2.jar;C:\Users\RJ\.m2\repository\org\apache\xmlgraphics\batik-gvt\1.14\batik-gvt-1.14.jar;C:\Users\RJ\.m2\repository\org\apache\xmlgraphics\batik-shared-resources\1.14\batik-shared-resources-1.14.jar;C:\Users\RJ\.m2\repository\org\apache\xmlgraphics\batik-svggen\1.14\batik-svggen-1.14.jar;C:\Users\RJ\.m2\repository\org\apache\xmlgraphics\batik-util\1.14\batik-util-1.14.jar;C:\Users\RJ\.m2\repository\org\apache\xmlgraphics\batik-constants\1.14\batik-constants-1.14.jar;C:\Users\RJ\.m2\repository\org\apache\xmlgraphics\batik-i18n\1.14\batik-i18n-1.14.jar;C:\Users\RJ\.m2\repository\org\apache\xmlgraphics\batik-xml\1.14\batik-xml-1.14.jar;C:\Users\RJ\.m2\repository\xml-apis\xml-apis-ext\1.3.04\xml-apis-ext-1.3.04.jar;C:\Users\RJ\.m2\repository\org\apache\xmlgraphics\batik-awt-util\1.14\batik-awt-util-1.14.jar;C:\Users\RJ\.m2\repository\org\apache\xmlgraphics\xmlgraphics-commons\2.6\xmlgraphics-commons-2.6.jar;C:\Users\RJ\.m2\repository\commons-io\commons-io\1.3.1\commons-io-1.3.1.jar;C:\Users\RJ\.m2\repository\org\apache\xmlgraphics\batik-bridge\1.14\batik-bridge-1.14.jar;C:\Users\RJ\.m2\repository\org\apache\xmlgraphics\batik-css\1.14\batik-css-1.14.jar;C:\Users\RJ\.m2\repository\org\apache\xmlgraphics\batik-parser\1.14\batik-parser-1.14.jar;C:\Users\RJ\.m2\repository\org\apache\xmlgraphics\batik-script\1.14\batik-script-1.14.jar;C:\Users\RJ\.m2\repository\org\apache\xmlgraphics\batik-svg-dom\1.14\batik-svg-dom-1.14.jar;C:\Users\RJ\.m2\repository\org\hsqldb\hsqldb\2.7.0\hsqldb-2.7.0.jar;C:\Users\RJ\.m2\repository\com\google\code\gson\gson\2.9.1\gson-2.9.1.jar;C:\Users\RJ\.m2\repository\org\eclipse\jetty\jetty-server\11.0.11\jetty-server-11.0.11.jar;C:\Users\RJ\.m2\repository\org\eclipse\jetty\toolchain\jetty-jakarta-servlet-api\5.0.2\jetty-jakarta-servlet-api-5.0.2.jar;C:\Users\RJ\.m2\repository\org\eclipse\jetty\jetty-http\11.0.11\jetty-http-11.0.11.jar;C:\Users\RJ\.m2\repository\org\eclipse\jetty\jetty-util\11.0.11\jetty-util-11.0.11.jar;C:\Users\RJ\.m2\repository\org\eclipse\jetty\jetty-io\11.0.11\jetty-io-11.0.11.jar;C:\Users\RJ\.m2\repository\org\slf4j\slf4j-api\2.0.0-alpha6\slf4j-api-2.0.0-alpha6.jar;C:\Users\RJ\.m2\repository\junit\junit\4.13.2\junit-4.13.2.jar;C:\Users\RJ\.m2\repository\org\hamcrest\hamcrest-core\1.3\hamcrest-core-1.3.jar
Launcher Type: SUN_STANDARD

[Global flags]
     intx CICompilerCount                          = 4                                         {product} {ergonomic}
     uint ConcGCThreads                            = 3                                         {product} {ergonomic}
     uint G1ConcRefinementThreads                  = 10                                        {product} {ergonomic}
   size_t G1HeapRegionSize                         = 2097152                                   {product} {ergonomic}
    uintx GCDrainStackTargetSize                   = 64                                        {product} {ergonomic}
   size_t InitialHeapSize                          = 266338304                                 {product} {ergonomic}
   size_t MarkStackSize                            = 4194304                                   {product} {ergonomic}
   size_t MaxHeapSize                              = 4255121408                                {product} {ergonomic}
   size_t MaxNewSize                               = 2552233984                                {product} {ergonomic}
   size_t MinHeapDeltaBytes                        = 2097152                                   {product} {ergonomic}
   size_t MinHeapSize                              = 8388608                                   {product} {ergonomic}
    uintx NonNMethodCodeHeapSize                   = 5839372                                {pd product} {ergonomic}
    uintx NonProfiledCodeHeapSize                  = 122909434                              {pd product} {ergonomic}
    uintx ProfiledCodeHeapSize                     = 122909434                              {pd product} {ergonomic}
    uintx ReservedCodeCacheSize                    = 251658240                              {pd product} {ergonomic}
     bool SegmentedCodeCache                       = true                                      {product} {ergonomic}
     bool ShowCodeDetailsInExceptionMessages       = true                                   {manageable} {command line}
   size_t SoftMaxHeapSize                          = 4255121408                             {manageable} {ergonomic}
     bool UseCompressedClassPointers               = true                           {product lp64_product} {ergonomic}
     bool UseCompressedOops                        = true                           {product lp64_product} {ergonomic}
     bool UseG1GC                                  = true                                      {product} {ergonomic}
     bool UseLargePagesIndividualAllocation        = false                                  {pd product} {ergonomic}

Logging:
Log output configuration:
 #0: stdout all=warning uptime,level,tags foldmultilines=false
 #1: stderr all=off uptime,level,tags foldmultilines=false

Environment Variables:
JAVA_HOME=C:\Program Files\Java\jdk-18.0.2.1
PATH=C:\Program Files\Common Files\Oracle\Java\javapath;C:\Program Files (x86)\Razer Chroma SDK\bin;C:\Program Files\Razer Chroma SDK\bin;C:\Program Files (x86)\Razer\ChromaBroadcast\bin;C:\Program Files\Razer\ChromaBroadcast\bin;C:\WINDOWS\system32;C:\WINDOWS;C:\WINDOWS\System32\Wbem;C:\WINDOWS\System32\WindowsPowerShell\v1.0\;C:\WINDOWS\System32\OpenSSH\;C:\Program Files (x86)\Intel\Intel(R) Management Engine Components\DAL;C:\Program Files\Intel\Intel(R) Management Engine Components\DAL;C:\WINDOWS\system32\config\systemprofile\AppData\Local\Microsoft\WindowsApps;C:\Program Files (x86)\NVIDIA Corporation\PhysX\Common;C:\Program Files\NVIDIA Corporation\NVIDIA NvDLISR;C:\Program Files\dotnet\;C:\Program Files\Microsoft SQL Server\Client SDK\ODBC\170\Tools\Binn\;C:\Program Files (x86)\dotnet\;C:\Program Files\Git\cmd;C:\Program Files\PuTTY\;C:\WINDOWS\system32;C:\WINDOWS;C:\WINDOWS\System32\Wbem;C:\WINDOWS\System32\WindowsPowerShell\v1.0\;C:\WINDOWS\System32\OpenSSH\;C:\Users\RJ\AppData\Local\Microsoft\WindowsApps;C:\Users\RJ\.dotnet\tools;C:\Users\RJ\AppData\Local\GitHubDesktop\bin;C:\Program Files\Java\jdk-18.0.2.1\bin;C:\Program Files (x86)\Maven\bin;
USERNAME=RJ
OS=Windows_NT
PROCESSOR_IDENTIFIER=Intel64 Family 6 Model 158 Stepping 10, GenuineIntel



---------------  S Y S T E M  ---------------

OS:
 Windows 11 , 64 bit Build 22000 (10.0.22000.708)
OS uptime: 0 days 6:34 hours
Hyper-V role detected

CPU: total 12 (initial active 12) (6 cores per cpu, 2 threads per core) family 6 model 158 stepping 10 microcode 0xde, cx8, cmov, fxsr, ht, mmx, 3dnowpref, sse, sse2, sse3, ssse3, sse4.1, sse4.2, popcnt, lzcnt, tsc, tscinvbit, avx, avx2, aes, erms, clmul, bmi1, bmi2, adx, fma, vzeroupper, clflush, clflushopt, hv

Memory: 4k page, system-wide physical 16226M (8224M free)
TotalPageFile size 18658M (AvailPageFile size 7367M)
current process WorkingSet (physical memory assigned to process): 296M, peak: 340M
current process commit charge ("private bytes"): 348M, peak: 414M

vm_info: Java HotSpot(TM) 64-Bit Server VM (18.0.2.1+1-1) for windows-amd64 JRE (18.0.2.1+1-1), built on Aug 16 2022 01:46:33 by "mach5one" with MS VC++ 16.8 / 16.9 (VS2019)

END.
